#
# A fatal error has been detected by the Java Runtime Environment:
#
#  SIGSEGV (0xb) at pc=0x00007f1e52986733, pid=31929, tid=31930
#
# JRE version: OpenJDK Runtime Environment Temurin-17.0.10+7 (17.0.10+7) (build 17.0.10+7)
# Java VM: OpenJDK 64-Bit Server VM Temurin-17.0.10+7 (17.0.10+7, mixed mode, tiered, compressed oops, compressed class ptrs, parallel gc, linux-amd64)
# Problematic frame:
# V  [libjvm.so+0xd86733]  SignatureStream::SignatureStream(Symbol const*, bool)+0x13
#
# Core dump will be written. Default location: Core dumps may be processed with "/usr/lib/systemd/systemd-coredump %P %u %g %s %t %c %h" (or dumping to /home/ethanlepareur/Documents/Projet/Mille Sabords/core.31929)
#
# If you would like to submit a bug report, please visit:
#   https://github.com/adoptium/adoptium-support/issues
#

---------------  S U M M A R Y ------------

Command Line: --add-modules=ALL-SYSTEM --add-opens=java.base/java.util=ALL-UNNAMED --add-opens=java.base/java.lang=ALL-UNNAMED --add-opens=java.base/sun.nio.fs=ALL-UNNAMED -Declipse.application=org.eclipse.jdt.ls.core.id1 -Dosgi.bundles.defaultStartLevel=4 -Declipse.product=org.eclipse.jdt.ls.core.product -Djava.import.generatesMetadataFilesAtProjectRoot=false -DDetectVMInstallationsJob.disabled=true -Dfile.encoding=utf8 -XX:+UseParallelGC -XX:GCTimeRatio=4 -XX:AdaptiveSizePolicyWeight=90 -Dsun.zip.disableMemoryMapping=true -Xmx1G -Xms100m -Xlog:disable -javaagent:/home/ethanlepareur/.vscode/extensions/redhat.java-1.30.0-linux-x64/lombok/lombok-1.18.32.jar /home/ethanlepareur/.vscode/extensions/redhat.java-1.30.0-linux-x64/server/plugins/org.eclipse.equinox.launcher_1.6.800.v20240330-1250.jar -configuration /home/ethanlepareur/.config/Code/User/globalStorage/redhat.java/1.30.0/config_ss_linux -data /home/ethanlepareur/.config/Code/User/workspaceStorage/1769a08123a3056ced2da8f2080c84c2/redhat.java/ss_ws --pipe=/run/user/1000/lsp-de64c6fa13341a1c31527b0ebb8bb93e.sock

Host: AMD Ryzen 5 3500U with Radeon Vega Mobile Gfx, 16 cores, 6G, Fedora release 40 (Forty)
Time: Sat May 25 16:26:00 2024 CEST elapsed time: 5.582728 seconds (0d 0h 0m 5s)

---------------  T H R E A D  ---------------

Current thread (0x00007f1e4c028390):  JavaThread "main" [_thread_in_vm, id=31930, stack(0x00007f1e51b00000,0x00007f1e51c00000)]

Stack: [0x00007f1e51b00000,0x00007f1e51c00000],  sp=0x00007f1e51bf99e0,  free space=998k
Native frames: (J=compiled Java code, j=interpreted, Vv=VM code, C=native code)
V  [libjvm.so+0xd86733]  SignatureStream::SignatureStream(Symbol const*, bool)+0x13
V  [libjvm.so+0xec12e4]  ClassVerifier::verify_field_instructions(RawBytecodeStream*, StackMapFrame*, constantPoolHandle const&, bool, JavaThread*)+0x1e4
V  [libjvm.so+0xec615a]  ClassVerifier::verify_method(methodHandle const&, JavaThread*)+0x143a
V  [libjvm.so+0xeca27a]  ClassVerifier::verify_class(JavaThread*)+0xea
V  [libjvm.so+0xeca68a]  Verifier::verify(InstanceKlass*, bool, JavaThread*)+0x32a
V  [libjvm.so+0x8073db]  InstanceKlass::link_class_impl(JavaThread*)+0x47b
V  [libjvm.so+0x80a3c3]  InstanceKlass::initialize_impl(JavaThread*)+0x3f3
V  [libjvm.so+0x822381]  InterpreterRuntime::_new(JavaThread*, ConstantPool*, int)+0x171
j  com.google.gson.internal.bind.TypeAdapters.<clinit>()V+256
v  ~StubRoutines::call_stub
V  [libjvm.so+0x829895]  JavaCalls::call_helper(JavaValue*, methodHandle const&, JavaCallArguments*, JavaThread*)+0x315
V  [libjvm.so+0x807ffb]  InstanceKlass::call_class_initializer(JavaThread*)+0x24b
V  [libjvm.so+0x80a6c1]  InstanceKlass::initialize_impl(JavaThread*)+0x6f1
V  [libjvm.so+0xa945e3]  LinkResolver::resolve_field(fieldDescriptor&, LinkInfo const&, Bytecodes::Code, bool, JavaThread*)+0x1c3
V  [libjvm.so+0xa94deb]  LinkResolver::resolve_field_access(fieldDescriptor&, constantPoolHandle const&, int, methodHandle const&, Bytecodes::Code, JavaThread*)+0xeb
V  [libjvm.so+0x823f08]  InterpreterRuntime::resolve_get_put(JavaThread*, Bytecodes::Code)+0x168
V  [libjvm.so+0x824a05]  InterpreterRuntime::resolve_from_cache(JavaThread*, Bytecodes::Code)+0x195
j  com.google.gson.Gson.<init>(Lcom/google/gson/internal/Excluder;Lcom/google/gson/FieldNamingStrategy;Ljava/util/Map;ZZZZZZZZLcom/google/gson/LongSerializationPolicy;Ljava/lang/String;IILjava/util/List;Ljava/util/List;Ljava/util/List;Lcom/google/gson/ToNumberStrategy;Lcom/google/gson/ToNumberStrategy;Ljava/util/List;)V+170
j  com.google.gson.GsonBuilder.create()Lcom/google/gson/Gson;+198
j  org.eclipse.lsp4j.jsonrpc.json.MessageJsonHandler.<init>(Ljava/util/Map;)V+14
j  org.eclipse.lsp4j.jsonrpc.Launcher$Builder.createJsonHandler()Lorg/eclipse/lsp4j/jsonrpc/json/MessageJsonHandler;+30
j  org.eclipse.lsp4j.jsonrpc.Launcher$Builder.create()Lorg/eclipse/lsp4j/jsonrpc/Launcher;+69
j  org.eclipse.lsp4j.jsonrpc.Launcher.createIoLauncher(Ljava/lang/Object;Ljava/lang/Class;Ljava/io/InputStream;Ljava/io/OutputStream;Ljava/util/concurrent/ExecutorService;Ljava/util/function/Function;)Lorg/eclipse/lsp4j/jsonrpc/Launcher;+33
j  org.eclipse.lsp4j.jsonrpc.Launcher.createLauncher(Ljava/lang/Object;Ljava/lang/Class;Ljava/io/InputStream;Ljava/io/OutputStream;Ljava/util/concurrent/ExecutorService;Ljava/util/function/Function;)Lorg/eclipse/lsp4j/jsonrpc/Launcher;+8
j  org.eclipse.jdt.ls.core.internal.JavaLanguageServerPlugin.startConnection()V+289
j  org.eclipse.jdt.ls.core.internal.JavaLanguageServerPlugin.startLanguageServer(Lorg/eclipse/jdt/ls/core/internal/LanguageServerApplication;)V+16
j  org.eclipse.jdt.ls.core.internal.LanguageServerApplication.start(Lorg/eclipse/equinox/app/IApplicationContext;)Ljava/lang/Object;+8
j  org.eclipse.equinox.internal.app.EclipseAppHandle.run(Ljava/lang/Object;)Ljava/lang/Object;+138
j  org.eclipse.core.runtime.internal.adaptor.EclipseAppLauncher.runApplication(Ljava/lang/Object;)Ljava/lang/Object;+85
j  org.eclipse.core.runtime.internal.adaptor.EclipseAppLauncher.start(Ljava/lang/Object;)Ljava/lang/Object;+79
j  org.eclipse.core.runtime.adaptor.EclipseStarter.run(Ljava/lang/Object;)Ljava/lang/Object;+99
j  org.eclipse.core.runtime.adaptor.EclipseStarter.run([Ljava/lang/String;Ljava/lang/Runnable;)Ljava/lang/Object;+132
v  ~StubRoutines::call_stub
V  [libjvm.so+0x829895]  JavaCalls::call_helper(JavaValue*, methodHandle const&, JavaCallArguments*, JavaThread*)+0x315
V  [libjvm.so+0xcaf1f1]  invoke(InstanceKlass*, methodHandle const&, Handle, bool, objArrayHandle, BasicType, objArrayHandle, bool, JavaThread*) [clone .constprop.0]+0x521
V  [libjvm.so+0xcb0187]  Reflection::invoke_method(oopDesc*, Handle, objArrayHandle, JavaThread*)+0x157
V  [libjvm.so+0x902da7]  JVM_InvokeMethod+0x147
j  jdk.internal.reflect.NativeMethodAccessorImpl.invoke0(Ljava/lang/reflect/Method;Ljava/lang/Object;[Ljava/lang/Object;)Ljava/lang/Object;+0 java.base@17.0.10
j  jdk.internal.reflect.NativeMethodAccessorImpl.invoke(Ljava/lang/Object;[Ljava/lang/Object;)Ljava/lang/Object;+133 java.base@17.0.10
j  jdk.internal.reflect.DelegatingMethodAccessorImpl.invoke(Ljava/lang/Object;[Ljava/lang/Object;)Ljava/lang/Object;+6 java.base@17.0.10
j  java.lang.reflect.Method.invoke(Ljava/lang/Object;[Ljava/lang/Object;)Ljava/lang/Object;+59 java.base@17.0.10
j  org.eclipse.equinox.launcher.Main.invokeFramework([Ljava/lang/String;[Ljava/net/URL;)V+202
j  org.eclipse.equinox.launcher.Main.basicRun([Ljava/lang/String;)V+159
j  org.eclipse.equinox.launcher.Main.run([Ljava/lang/String;)I+4
j  org.eclipse.equinox.launcher.Main.main([Ljava/lang/String;)V+10
v  ~StubRoutines::call_stub
V  [libjvm.so+0x829895]  JavaCalls::call_helper(JavaValue*, methodHandle const&, JavaCallArguments*, JavaThread*)+0x315
V  [libjvm.so+0x8c27cb]  jni_invoke_static(JNIEnv_*, JavaValue*, _jobject*, JNICallType, _jmethodID*, JNI_ArgumentPusher*, JavaThread*) [clone .constprop.1]+0x38b
V  [libjvm.so+0x8c5215]  jni_CallStaticVoidMethod+0x175
C  [libjli.so+0xa8de]  JavaMain+0xcfe
C  [libjli.so+0xdf69]  ThreadJavaMain+0x9
C  [libc.so.6+0x961b7]  start_thread+0x377

Java frames: (J=compiled Java code, j=interpreted, Vv=VM code)
j  com.google.gson.internal.bind.TypeAdapters.<clinit>()V+256
v  ~StubRoutines::call_stub
j  com.google.gson.Gson.<init>(Lcom/google/gson/internal/Excluder;Lcom/google/gson/FieldNamingStrategy;Ljava/util/Map;ZZZZZZZZLcom/google/gson/LongSerializationPolicy;Ljava/lang/String;IILjava/util/List;Ljava/util/List;Ljava/util/List;Lcom/google/gson/ToNumberStrategy;Lcom/google/gson/ToNumberStrategy;Ljava/util/List;)V+170
j  com.google.gson.GsonBuilder.create()Lcom/google/gson/Gson;+198
j  org.eclipse.lsp4j.jsonrpc.json.MessageJsonHandler.<init>(Ljava/util/Map;)V+14
j  org.eclipse.lsp4j.jsonrpc.Launcher$Builder.createJsonHandler()Lorg/eclipse/lsp4j/jsonrpc/json/MessageJsonHandler;+30
j  org.eclipse.lsp4j.jsonrpc.Launcher$Builder.create()Lorg/eclipse/lsp4j/jsonrpc/Launcher;+69
j  org.eclipse.lsp4j.jsonrpc.Launcher.createIoLauncher(Ljava/lang/Object;Ljava/lang/Class;Ljava/io/InputStream;Ljava/io/OutputStream;Ljava/util/concurrent/ExecutorService;Ljava/util/function/Function;)Lorg/eclipse/lsp4j/jsonrpc/Launcher;+33
j  org.eclipse.lsp4j.jsonrpc.Launcher.createLauncher(Ljava/lang/Object;Ljava/lang/Class;Ljava/io/InputStream;Ljava/io/OutputStream;Ljava/util/concurrent/ExecutorService;Ljava/util/function/Function;)Lorg/eclipse/lsp4j/jsonrpc/Launcher;+8
j  org.eclipse.jdt.ls.core.internal.JavaLanguageServerPlugin.startConnection()V+289
j  org.eclipse.jdt.ls.core.internal.JavaLanguageServerPlugin.startLanguageServer(Lorg/eclipse/jdt/ls/core/internal/LanguageServerApplication;)V+16
j  org.eclipse.jdt.ls.core.internal.LanguageServerApplication.start(Lorg/eclipse/equinox/app/IApplicationContext;)Ljava/lang/Object;+8
j  org.eclipse.equinox.internal.app.EclipseAppHandle.run(Ljava/lang/Object;)Ljava/lang/Object;+138
j  org.eclipse.core.runtime.internal.adaptor.EclipseAppLauncher.runApplication(Ljava/lang/Object;)Ljava/lang/Object;+85
j  org.eclipse.core.runtime.internal.adaptor.EclipseAppLauncher.start(Ljava/lang/Object;)Ljava/lang/Object;+79
j  org.eclipse.core.runtime.adaptor.EclipseStarter.run(Ljava/lang/Object;)Ljava/lang/Object;+99
j  org.eclipse.core.runtime.adaptor.EclipseStarter.run([Ljava/lang/String;Ljava/lang/Runnable;)Ljava/lang/Object;+132
v  ~StubRoutines::call_stub
j  jdk.internal.reflect.NativeMethodAccessorImpl.invoke0(Ljava/lang/reflect/Method;Ljava/lang/Object;[Ljava/lang/Object;)Ljava/lang/Object;+0 java.base@17.0.10
j  jdk.internal.reflect.NativeMethodAccessorImpl.invoke(Ljava/lang/Object;[Ljava/lang/Object;)Ljava/lang/Object;+133 java.base@17.0.10
j  jdk.internal.reflect.DelegatingMethodAccessorImpl.invoke(Ljava/lang/Object;[Ljava/lang/Object;)Ljava/lang/Object;+6 java.base@17.0.10
j  java.lang.reflect.Method.invoke(Ljava/lang/Object;[Ljava/lang/Object;)Ljava/lang/Object;+59 java.base@17.0.10
j  org.eclipse.equinox.launcher.Main.invokeFramework([Ljava/lang/String;[Ljava/net/URL;)V+202
j  org.eclipse.equinox.launcher.Main.basicRun([Ljava/lang/String;)V+159
j  org.eclipse.equinox.launcher.Main.run([Ljava/lang/String;)I+4
j  org.eclipse.equinox.launcher.Main.main([Ljava/lang/String;)V+10
v  ~StubRoutines::call_stub

siginfo: si_signo: 11 (SIGSEGV), si_code: 128 (SI_KERNEL), si_addr: 0x0000000000000000

Registers:
RAX=0x0000000000000000, RBX=0x00007f1e51bf9b30, RCX=0x0000000000000009, RDX=0x0000000000000000
RSP=0x00007f1e51bf99e0, RBP=0x00007f1e51bf9a00, RSI=0x40007f1d9469b3e0, RDI=0x00007f1e51bf9b30
R8 =0x0000000000000001, R9 =0x00007f1e4c028390, R10=0x00007f1e51bfa220, R11=0x00007f1e4c028390
R12=0x00007f1e51bf9d90, R13=0x40007f1d9469b3e0, R14=0x00007f1e51bfad10, R15=0x0000000000000003
RIP=0x00007f1e52986733, EFLAGS=0x0000000000010202, CSGSFS=0x002b000000000033, ERR=0x0000000000000000
  TRAPNO=0x000000000000000d


Register to memory mapping:

RAX=0x0 is NULL
RBX=0x00007f1e51bf9b30 is pointing into the stack for thread: 0x00007f1e4c028390
RCX=0x0000000000000009 is an unknown value
RDX=0x0 is NULL
RSP=0x00007f1e51bf99e0 is pointing into the stack for thread: 0x00007f1e4c028390
RBP=0x00007f1e51bf9a00 is pointing into the stack for thread: 0x00007f1e4c028390
RSI=0x40007f1d9469b3e0 is an unknown value
RDI=0x00007f1e51bf9b30 is pointing into the stack for thread: 0x00007f1e4c028390
R8 =0x0000000000000001 is an unknown value
R9 =0x00007f1e4c028390 is a thread
R10=0x00007f1e51bfa220 is pointing into the stack for thread: 0x00007f1e4c028390
R11=0x00007f1e4c028390 is a thread
R12=0x00007f1e51bf9d90 is pointing into the stack for thread: 0x00007f1e4c028390
R13=0x40007f1d9469b3e0 is an unknown value
R14=0x00007f1e51bfad10 is pointing into the stack for thread: 0x00007f1e4c028390
R15=0x0000000000000003 is an unknown value


Top of Stack: (sp=0x00007f1e51bf99e0)
0x00007f1e51bf99e0:   00007f1d6c0bd628 0000000000000003
0x00007f1e51bf99f0:   00007f1e51bf9d90 40007f1d9469b3e0
0x00007f1e51bf9a00:   00007f1e51bf9ce0 00007f1e52ac12e4
0x00007f1e51bf9a10:   00007f1e51bf9bf0 00007f1e529935c2
0x00007f1e51bf9a20:   00007f1e4c028390 00007f1e51869618
0x00007f1e51bf9a30:   00007f1e51bf9b30 00007f1e51bfa290
0x00007f1e51bf9a40:   00007f1e51bfa220 0000000000000000
0x00007f1e51bf9a50:   00007f1d947acaa0 00007f1e529935c2
0x00007f1e51bf9a60:   00007f1e4c028de0 00007f1e4c028e60
0x00007f1e51bf9a70:   00007f1e51bf9c80 00007f1e51bfa290
0x00007f1e51bf9a80:   00007f1e51bfa250 00007f1e529950d7
0x00007f1e51bf9a90:   00007f1e4c6b28c0 00007f1e4c028390
0x00007f1e51bf9aa0:   00007f1e51bf9b50 00007f1e51bf9b58
0x00007f1e51bf9ab0:   00000001003a4228 0000000000000000
0x00007f1e51bf9ac0:   00007f1e51bf9b30 00007f1e52ab6db8
0x00007f1e51bf9ad0:   00007f1e4c028390 000000000000000c
0x00007f1e51bf9ae0:   00007f1e4c6b1150 0000000000000001
0x00007f1e51bf9af0:   00007f1e4c6db4f0 00007f1e4c028390
0x00007f1e51bf9b00:   0000000000000023 0000000000000003
0x00007f1e51bf9b10:   00007f1e51bfad10 00007f1e51bfa290
0x00007f1e51bf9b20:   0000000000000005 00007f1e51bfa290
0x00007f1e51bf9b30:   00007f1e51bf9ce0 00007f1e528c390c
0x00007f1e51bf9b40:   00007f1d6c0bda60 0000000000000003
0x00007f1e51bf9b50:   0000000000000003 0000000000000044
0x00007f1e51bf9b60:   00007f1e51bf9bf0 00007f1e52995a56
0x00007f1e51bf9b70:   0000000300043268 00007f1d6c0bda70
0x00007f1e51bf9b80:   00007f1e4c028390 00007f1e51bf9bbf
0x00007f1e51bf9b90:   00007f1e4c6b28c0 00007f1e00000003
0x00007f1e51bf9ba0:   0000000000000004 00007f1d6c0bda20
0x00007f1e51bf9bb0:   00007f1e00000000 00007f1e4c028910
0x00007f1e51bf9bc0:   0000000057662fb5 00007f1e4c028390
0x00007f1e51bf9bd0:   0000000000000004 00007f1d6c0bda20 

Instructions: (pc=0x00007f1e52986733)
0x00007f1e52986633:   b9 21 00 00 00 be 15 00 00 00 48 89 d7 31 d2 f3
0x00007f1e52986643:   48 ab bf 20 00 00 00 e8 51 1a 64 ff 48 89 c3 48
0x00007f1e52986653:   85 c0 74 0a 31 f6 48 89 c7 e8 9f 1d f5 ff 48 89
0x00007f1e52986663:   1d a0 a7 59 00 e9 f2 fe ff ff 0f 1f 00 31 f6 48
0x00007f1e52986673:   8d 3d c2 60 28 00 41 bc ff ff ff ff e8 ac 06 aa
0x00007f1e52986683:   ff e9 db fe ff ff 0f 1f 80 00 00 00 00 55 48 89
0x00007f1e52986693:   e5 41 54 4c 8d a7 08 02 00 00 53 48 89 fb 0f 1f
0x00007f1e529866a3:   80 00 00 00 00 48 8b 3b 48 83 c3 08 e8 3c 1b 64
0x00007f1e529866b3:   ff 4c 39 e3 75 ef 5b 41 5c 5d c3 66 90 48 8d 46
0x00007f1e529866c3:   ff 48 83 f8 fd 76 16 48 89 77 10 c7 47 08 63 00
0x00007f1e529866d3:   00 00 c3 66 2e 0f 1f 84 00 00 00 00 00 48 3b 77
0x00007f1e529866e3:   10 74 ef 48 89 77 10 48 d1 ee 83 e6 0f 89 77 08
0x00007f1e529866f3:   c3 66 66 2e 0f 1f 84 00 00 00 00 00 90 8d 57 fc
0x00007f1e52986703:   b8 01 00 00 00 83 fa 09 76 08 83 ff 0e 0f 94 c0
0x00007f1e52986713:   21 f0 c3 66 2e 0f 1f 84 00 00 00 00 00 55 0f b6
0x00007f1e52986723:   c2 48 89 e5 41 55 41 54 53 48 89 fb 48 83 ec 08
0x00007f1e52986733:   44 0f b7 66 04 48 8d 0d 81 fa 59 00 48 89 37 89
0x00007f1e52986743:   47 1c 44 89 67 10 89 47 0c 89 47 08 c7 47 14 00
0x00007f1e52986753:   00 00 00 48 8b 49 18 48 c7 47 28 00 00 00 00 48
0x00007f1e52986763:   89 4f 20 41 39 c4 0f 8e f1 00 00 00 0f b6 d2 4c
0x00007f1e52986773:   8d 6e 06 49 8d 7c 15 00 0f be 17 89 d1 80 fa 29
0x00007f1e52986783:   0f 84 9f 00 00 00 83 ea 42 83 fa 19 76 1f c7 43
0x00007f1e52986793:   18 00 00 00 00 44 8d 60 01 44 89 63 0c 48 83 c4
0x00007f1e529867a3:   08 5b 41 5c 41 5d 5d c3 0f 1f 44 00 00 4c 8d 05
0x00007f1e529867b3:   c9 65 28 00 41 8b 14 90 89 53 18 83 fa 0c 0f 84
0x00007f1e529867c3:   b1 00 00 00 83 fa 0d 75 cc 41 39 c4 0f 8e f1 00
0x00007f1e529867d3:   00 00 8d 50 07 41 89 c0 48 63 d2 48 01 d6 eb 1a
0x00007f1e529867e3:   0f 1f 44 00 00 41 83 c0 01 48 83 c6 01 0f b6 4e
0x00007f1e529867f3:   ff 45 39 c4 0f 84 b3 00 00 00 80 f9 5b 74 e6 49
0x00007f1e52986803:   63 f8 44 89 c2 4c 01 ef 29 c2 89 53 14 80 f9 4c
0x00007f1e52986813:   0f 84 b7 00 00 00 45 8d 60 01 e9 7a ff ff ff 66
0x00007f1e52986823:   0f 1f 44 00 00 83 c0 01 c7 43 1c 03 00 00 00 89 


Stack slot to memory mapping:
stack at sp + 0 slots: 0x00007f1d6c0bd628 points into unknown readable memory: 0x00007f1e51850120 | 20 01 85 51 1e 7f 00 00
stack at sp + 1 slots: 0x0000000000000003 is an unknown value
stack at sp + 2 slots: 0x00007f1e51bf9d90 is pointing into the stack for thread: 0x00007f1e4c028390
stack at sp + 3 slots: 0x40007f1d9469b3e0 is an unknown value
stack at sp + 4 slots: 0x00007f1e51bf9ce0 is pointing into the stack for thread: 0x00007f1e4c028390
stack at sp + 5 slots: 0x00007f1e52ac12e4: <offset 0x0000000000ec12e4> in /home/ethanlepareur/.vscode/extensions/redhat.java-1.30.0-linux-x64/jre/17.0.10-linux-x86_64/lib/server/libjvm.so at 0x00007f1e51c00000
stack at sp + 6 slots: 0x00007f1e51bf9bf0 is pointing into the stack for thread: 0x00007f1e4c028390
stack at sp + 7 slots: 0x00007f1e529935c2: <offset 0x0000000000d935c2> in /home/ethanlepareur/.vscode/extensions/redhat.java-1.30.0-linux-x64/jre/17.0.10-linux-x86_64/lib/server/libjvm.so at 0x00007f1e51c00000


---------------  P R O C E S S  ---------------

Threads class SMR info:
_java_thread_list=0x00007f1e4c64cb00, length=24, elements={
0x00007f1e4c028390, 0x00007f1e4c1e7700, 0x00007f1e4c1e8c80, 0x00007f1e4c20ff50,
0x00007f1e4c213840, 0x00007f1e4c2147e0, 0x00007f1e4c215e40, 0x00007f1e4c217300,
0x00007f1e4c220740, 0x00007f1e4c2ae860, 0x00007f1e4c3ad430, 0x00007f1e4c4d34d0,
0x00007f1e4c5dcd60, 0x00007f1e4c62e810, 0x00007f1e4c6309f0, 0x00007f1d94033720,
0x00007f1d940bdaa0, 0x00007f1d94237470, 0x00007f1d942f3aa0, 0x00007f1d94322e00,
0x00007f1df025bef0, 0x00007f1d78012490, 0x00007f1d702037a0, 0x00007f1e4c64bd20
}

Java Threads: ( => current thread )
=>0x00007f1e4c028390 JavaThread "main" [_thread_in_vm, id=31930, stack(0x00007f1e51b00000,0x00007f1e51c00000)]
  0x00007f1e4c1e7700 JavaThread "Reference Handler" daemon [_thread_blocked, id=31933, stack(0x00007f1e2f4f6000,0x00007f1e2f5f6000)]
  0x00007f1e4c1e8c80 JavaThread "Finalizer" daemon [_thread_blocked, id=31934, stack(0x00007f1e2f3f6000,0x00007f1e2f4f6000)]
  0x00007f1e4c20ff50 JavaThread "Signal Dispatcher" daemon [_thread_blocked, id=31935, stack(0x00007f1e2f2f6000,0x00007f1e2f3f6000)]
  0x00007f1e4c213840 JavaThread "Service Thread" daemon [_thread_blocked, id=31936, stack(0x00007f1e2f1f6000,0x00007f1e2f2f6000)]
  0x00007f1e4c2147e0 JavaThread "Monitor Deflation Thread" daemon [_thread_blocked, id=31937, stack(0x00007f1e2f0f6000,0x00007f1e2f1f6000)]
  0x00007f1e4c215e40 JavaThread "C2 CompilerThread0" daemon [_thread_blocked, id=31938, stack(0x00007f1e2eff6000,0x00007f1e2f0f6000)]
  0x00007f1e4c217300 JavaThread "C1 CompilerThread0" daemon [_thread_blocked, id=31939, stack(0x00007f1e2eef6000,0x00007f1e2eff6000)]
  0x00007f1e4c220740 JavaThread "Sweeper thread" daemon [_thread_blocked, id=31940, stack(0x00007f1e2edf6000,0x00007f1e2eef6000)]
  0x00007f1e4c2ae860 JavaThread "Common-Cleaner" daemon [_thread_blocked, id=31941, stack(0x00007f1e2ecf6000,0x00007f1e2edf6000)]
  0x00007f1e4c3ad430 JavaThread "Notification Thread" daemon [_thread_blocked, id=31954, stack(0x00007f1e2e9f6000,0x00007f1e2eaf6000)]
  0x00007f1e4c4d34d0 JavaThread "process reaper" daemon [_thread_blocked, id=31992, stack(0x00007f1e500a9000,0x00007f1e500cb000)]
  0x00007f1e4c5dcd60 JavaThread "Active Thread: Equinox Container: 84f88493-0fd4-4e09-888e-7edc5b34b8ab" [_thread_blocked, id=32025, stack(0x00007f1e2e1ef000,0x00007f1e2e2ef000)]
  0x00007f1e4c62e810 JavaThread "Framework Event Dispatcher: Equinox Container: 84f88493-0fd4-4e09-888e-7edc5b34b8ab" daemon [_thread_blocked, id=32031, stack(0x00007f1e2eaf6000,0x00007f1e2ebf6000)]
  0x00007f1e4c6309f0 JavaThread "Start Level: Equinox Container: 84f88493-0fd4-4e09-888e-7edc5b34b8ab" daemon [_thread_blocked, id=32032, stack(0x00007f1e2e0ef000,0x00007f1e2e1ef000)]
  0x00007f1d94033720 JavaThread "SCR Component Actor" daemon [_thread_blocked, id=32033, stack(0x00007f1e2dfef000,0x00007f1e2e0ef000)]
  0x00007f1d940bdaa0 JavaThread "SCR Component Registry" daemon [_thread_blocked, id=32042, stack(0x00007f1e2ebf6000,0x00007f1e2ecf6000)]
  0x00007f1d94237470 JavaThread "Worker-JM" [_thread_blocked, id=32047, stack(0x00007f1e2db00000,0x00007f1e2dc00000)]
  0x00007f1d942f3aa0 JavaThread "Worker-0" [_thread_blocked, id=32055, stack(0x00007f1e2d900000,0x00007f1e2da00000)]
  0x00007f1d94322e00 JavaThread "Worker-1" [_thread_blocked, id=32058, stack(0x00007f1e2da00000,0x00007f1e2db00000)]
  0x00007f1df025bef0 JavaThread "C2 CompilerThread1" daemon [_thread_in_native, id=32061, stack(0x00007f1e2d800000,0x00007f1e2d900000)]
  0x00007f1d78012490 JavaThread "Worker-2" [_thread_blocked, id=32067, stack(0x00007f1e2d40d000,0x00007f1e2d50d000)]
  0x00007f1d702037a0 JavaThread "C2 CompilerThread2" daemon [_thread_blocked, id=32069, stack(0x00007f1e2d700000,0x00007f1e2d800000)]
  0x00007f1e4c64bd20 JavaThread "pool-2-thread-1" [_thread_blocked, id=32072, stack(0x00007f1e2d600000,0x00007f1e2d700000)]

Other Threads:
  0x00007f1e4c069610 VMThread "VM Thread" [stack: 0x00007f1e2f5f7000,0x00007f1e2f6f7000] [id=31932]
  0x00007f1e4c3450e0 WatcherThread [stack: 0x00007f1e2e8f6000,0x00007f1e2e9f6000] [id=31955]
  0x00007f1e4c03fe10 GCTaskThread "GC Thread#0" [stack: 0x00007f1e51500000,0x00007f1e51600000] [id=31931]
  0x00007f1e28001270 GCTaskThread "GC Thread#1" [stack: 0x00007f1e2e7f5000,0x00007f1e2e8f5000] [id=32014]
  0x00007f1e280030f0 GCTaskThread "GC Thread#2" [stack: 0x00007f1e2e6f4000,0x00007f1e2e7f4000] [id=32016]
  0x00007f1e28003ab0 GCTaskThread "GC Thread#3" [stack: 0x00007f1e2e5f3000,0x00007f1e2e6f3000] [id=32017]
  0x00007f1e28004470 GCTaskThread "GC Thread#4" [stack: 0x00007f1e2e4f2000,0x00007f1e2e5f2000] [id=32018]
  0x00007f1e28004e30 GCTaskThread "GC Thread#5" [stack: 0x00007f1e2e3f1000,0x00007f1e2e4f1000] [id=32019]
  0x00007f1e28005830 GCTaskThread "GC Thread#6" [stack: 0x00007f1e2e2f0000,0x00007f1e2e3f0000] [id=32020]
  0x00007f1e28006700 GCTaskThread "GC Thread#7" [stack: 0x00007f1e2deef000,0x00007f1e2dfef000] [id=32041]

Threads with active compile tasks:
C2 CompilerThread1     5614 2783       4       jdk.internal.org.objectweb.asm.Frame::execute (2318 bytes)

VM state: not at safepoint (normal execution)

VM Mutex/Monitor currently owned by a thread: None

Heap address: 0x00000000c0000000, size: 1024 MB, Compressed Oops mode: 32-bit

CDS archive(s) not mapped
Compressed class space mapped at: 0x0000000100000000-0x0000000140000000, reserved size: 1073741824
Narrow klass base: 0x0000000000000000, Narrow klass shift: 3, Narrow klass range: 0x140000000

GC Precious Log:
 CPUs: 16 total, 8 available
 Memory: 6858M
 Large Page Support: Disabled
 NUMA Support: Disabled
 Compressed Oops: Enabled (32-bit)
 Alignments: Space 512K, Generation 512K, Heap 2M
 Heap Min Capacity: 100M
 Heap Initial Capacity: 100M
 Heap Max Capacity: 1G
 Pre-touch: Disabled
 Parallel Workers: 8

Heap:
 PSYoungGen      total 27136K, used 25573K [0x00000000eab00000, 0x00000000ecb80000, 0x0000000100000000)
  eden space 24064K, 93% used [0x00000000eab00000,0x00000000ec0fb768,0x00000000ec280000)
  from space 3072K, 99% used [0x00000000ec300000,0x00000000ec5fdf50,0x00000000ec600000)
  to   space 4608K, 0% used [0x00000000ec700000,0x00000000ec700000,0x00000000ecb80000)
 ParOldGen       total 68608K, used 8064K [0x00000000c0000000, 0x00000000c4300000, 0x00000000eab00000)
  object space 68608K, 11% used [0x00000000c0000000,0x00000000c07e01c0,0x00000000c4300000)
 Metaspace       used 33772K, committed 34496K, reserved 1114112K
  class space    used 3374K, committed 3712K, reserved 1048576K

Card table byte_map: [0x00007f1e51600000,0x00007f1e51801000] _byte_map_base: 0x00007f1e51000000

Marking Bits: (ParMarkBitMap*) 0x00007f1e52f1f380
 Begin Bits: [0x00007f1e38200000, 0x00007f1e39200000)
 End Bits:   [0x00007f1e39200000, 0x00007f1e3a200000)

Polling page: 0x00007f1e5327d000

Metaspace:

Usage:
  Non-class:     29,69 MB used.
      Class:      3,30 MB used.
       Both:     32,98 MB used.

Virtual space:
  Non-class space:       64,00 MB reserved,      30,06 MB ( 47%) committed,  1 nodes.
      Class space:        1,00 GB reserved,       3,62 MB ( <1%) committed,  1 nodes.
             Both:        1,06 GB reserved,      33,69 MB (  3%) committed. 

Chunk freelists:
   Non-Class:  1,22 MB
       Class:  12,34 MB
        Both:  13,56 MB

MaxMetaspaceSize: unlimited
CompressedClassSpaceSize: 1,00 GB
Initial GC threshold: 21,00 MB
Current GC threshold: 35,00 MB
CDS: off
MetaspaceReclaimPolicy: balanced
 - commit_granule_bytes: 65536.
 - commit_granule_words: 8192.
 - virtual_space_node_default_size: 8388608.
 - enlarge_chunks_in_place: 1.
 - new_chunks_are_fully_committed: 0.
 - uncommit_free_chunks: 1.
 - use_allocation_guard: 0.
 - handle_deallocations: 1.


Internal statistics:

num_allocs_failed_limit: 3.
num_arena_births: 348.
num_arena_deaths: 14.
num_vsnodes_births: 2.
num_vsnodes_deaths: 0.
num_space_committed: 539.
num_space_uncommitted: 0.
num_chunks_returned_to_freelist: 17.
num_chunks_taken_from_freelist: 1342.
num_chunk_merges: 8.
num_chunk_splits: 889.
num_chunks_enlarged: 604.
num_inconsistent_stats: 0.

CodeHeap 'non-profiled nmethods': size=120028Kb used=1282Kb max_used=1282Kb free=118745Kb
 bounds [0x00007f1e41cc9000, 0x00007f1e41f39000, 0x00007f1e49200000]
CodeHeap 'profiled nmethods': size=120028Kb used=5525Kb max_used=5525Kb free=114502Kb
 bounds [0x00007f1e3a200000, 0x00007f1e3a770000, 0x00007f1e41737000]
CodeHeap 'non-nmethods': size=5704Kb used=1249Kb max_used=1294Kb free=4454Kb
 bounds [0x00007f1e41737000, 0x00007f1e419a7000, 0x00007f1e41cc9000]
 total_blobs=3430 nmethods=2860 adapters=485
 compilation: enabled
              stopped_count=0, restarted_count=0
 full_count=0

Compilation events (20 events):
Event: 5,523 Thread 0x00007f1e4c217300 nmethod 2851 0x00007f1e3a763590 code [0x00007f1e3a763740, 0x00007f1e3a7639c0]
Event: 5,524 Thread 0x00007f1e4c215e40 2852       4       java.util.LinkedHashMap$LinkedHashIterator::hasNext (13 bytes)
Event: 5,524 Thread 0x00007f1e4c215e40 nmethod 2852 0x00007f1e41e07710 code [0x00007f1e41e07880, 0x00007f1e41e07918]
Event: 5,527 Thread 0x00007f1e4c217300 2853       3       java.util.Collections::singletonIterator (9 bytes)
Event: 5,527 Thread 0x00007f1e4c217300 nmethod 2853 0x00007f1e3a763a90 code [0x00007f1e3a763c40, 0x00007f1e3a763e50]
Event: 5,527 Thread 0x00007f1e4c217300 2854       3       java.util.Collections$1::<init> (15 bytes)
Event: 5,528 Thread 0x00007f1e4c217300 nmethod 2854 0x00007f1e3a763f90 code [0x00007f1e3a764140, 0x00007f1e3a7642d0]
Event: 5,543 Thread 0x00007f1e4c215e40 2855       4       java.lang.StringBuilder::append (6 bytes)
Event: 5,549 Thread 0x00007f1e4c217300 2857   !   3       java.nio.ByteBuffer::wrap (21 bytes)
Event: 5,549 Thread 0x00007f1e4c217300 nmethod 2857 0x00007f1e3a764390 code [0x00007f1e3a764560, 0x00007f1e3a7647f0]
Event: 5,549 Thread 0x00007f1e4c217300 2856       1       java.nio.Buffer::capacity (5 bytes)
Event: 5,549 Thread 0x00007f1e4c217300 nmethod 2856 0x00007f1e41e07a10 code [0x00007f1e41e07ba0, 0x00007f1e41e07c70]
Event: 5,552 Thread 0x00007f1e4c217300 2858       3       jdk.internal.jimage.ImageBufferCache::getCapacity (21 bytes)
Event: 5,552 Thread 0x00007f1e4c217300 nmethod 2858 0x00007f1e3a764990 code [0x00007f1e3a764b40, 0x00007f1e3a764e40]
Event: 5,552 Thread 0x00007f1e4c215e40 nmethod 2855 0x00007f1e41e07d10 code [0x00007f1e41e07ec0, 0x00007f1e41e08468]
Event: 5,552 Thread 0x00007f1e4c217300 2859       1       jdk.internal.jimage.decompressor.CompressedResourceHeader::getSize (3 bytes)
Event: 5,552 Thread 0x00007f1e4c217300 nmethod 2859 0x00007f1e41e08890 code [0x00007f1e41e08a20, 0x00007f1e41e08ad0]
Event: 5,560 Thread 0x00007f1d702037a0 2860       4       java.lang.AbstractStringBuilder::<init> (63 bytes)
Event: 5,562 Thread 0x00007f1e4c217300 2861       3       java.util.Collections$SingletonSet::iterator (8 bytes)
Event: 5,562 Thread 0x00007f1e4c217300 nmethod 2861 0x00007f1e3a764f10 code [0x00007f1e3a7650c0, 0x00007f1e3a765350]

GC Heap History (16 events):
Event: 1,241 GC heap before
{Heap before GC invocations=1 (full 0):
 PSYoungGen      total 29696K, used 25600K [0x00000000eab00000, 0x00000000ecc00000, 0x0000000100000000)
  eden space 25600K, 100% used [0x00000000eab00000,0x00000000ec400000,0x00000000ec400000)
  from space 4096K, 0% used [0x00000000ec800000,0x00000000ec800000,0x00000000ecc00000)
  to   space 4096K, 0% used [0x00000000ec400000,0x00000000ec400000,0x00000000ec800000)
 ParOldGen       total 68608K, used 0K [0x00000000c0000000, 0x00000000c4300000, 0x00000000eab00000)
  object space 68608K, 0% used [0x00000000c0000000,0x00000000c0000000,0x00000000c4300000)
 Metaspace       used 11146K, committed 11264K, reserved 1114112K
  class space    used 1118K, committed 1152K, reserved 1048576K
}
Event: 1,252 GC heap after
{Heap after GC invocations=1 (full 0):
 PSYoungGen      total 29696K, used 3156K [0x00000000eab00000, 0x00000000ecc00000, 0x0000000100000000)
  eden space 25600K, 0% used [0x00000000eab00000,0x00000000eab00000,0x00000000ec400000)
  from space 4096K, 77% used [0x00000000ec400000,0x00000000ec715278,0x00000000ec800000)
  to   space 4096K, 0% used [0x00000000ec800000,0x00000000ec800000,0x00000000ecc00000)
 ParOldGen       total 68608K, used 16K [0x00000000c0000000, 0x00000000c4300000, 0x00000000eab00000)
  object space 68608K, 0% used [0x00000000c0000000,0x00000000c0004000,0x00000000c4300000)
 Metaspace       used 11146K, committed 11264K, reserved 1114112K
  class space    used 1118K, committed 1152K, reserved 1048576K
}
Event: 2,366 GC heap before
{Heap before GC invocations=2 (full 0):
 PSYoungGen      total 29696K, used 28756K [0x00000000eab00000, 0x00000000ecc00000, 0x0000000100000000)
  eden space 25600K, 100% used [0x00000000eab00000,0x00000000ec400000,0x00000000ec400000)
  from space 4096K, 77% used [0x00000000ec400000,0x00000000ec715278,0x00000000ec800000)
  to   space 4096K, 0% used [0x00000000ec800000,0x00000000ec800000,0x00000000ecc00000)
 ParOldGen       total 68608K, used 16K [0x00000000c0000000, 0x00000000c4300000, 0x00000000eab00000)
  object space 68608K, 0% used [0x00000000c0000000,0x00000000c0004000,0x00000000c4300000)
 Metaspace       used 15135K, committed 15424K, reserved 1114112K
  class space    used 1546K, committed 1664K, reserved 1048576K
}
Event: 2,375 GC heap after
{Heap after GC invocations=2 (full 0):
 PSYoungGen      total 29696K, used 4084K [0x00000000eab00000, 0x00000000ecc00000, 0x0000000100000000)
  eden space 25600K, 0% used [0x00000000eab00000,0x00000000eab00000,0x00000000ec400000)
  from space 4096K, 99% used [0x00000000ec800000,0x00000000ecbfd298,0x00000000ecc00000)
  to   space 4096K, 0% used [0x00000000ec400000,0x00000000ec400000,0x00000000ec800000)
 ParOldGen       total 68608K, used 754K [0x00000000c0000000, 0x00000000c4300000, 0x00000000eab00000)
  object space 68608K, 1% used [0x00000000c0000000,0x00000000c00bc830,0x00000000c4300000)
 Metaspace       used 15135K, committed 15424K, reserved 1114112K
  class space    used 1546K, committed 1664K, reserved 1048576K
}
Event: 3,264 GC heap before
{Heap before GC invocations=3 (full 0):
 PSYoungGen      total 29696K, used 29684K [0x00000000eab00000, 0x00000000ecc00000, 0x0000000100000000)
  eden space 25600K, 100% used [0x00000000eab00000,0x00000000ec400000,0x00000000ec400000)
  from space 4096K, 99% used [0x00000000ec800000,0x00000000ecbfd298,0x00000000ecc00000)
  to   space 4096K, 0% used [0x00000000ec400000,0x00000000ec400000,0x00000000ec800000)
 ParOldGen       total 68608K, used 754K [0x00000000c0000000, 0x00000000c4300000, 0x00000000eab00000)
  object space 68608K, 1% used [0x00000000c0000000,0x00000000c00bc830,0x00000000c4300000)
 Metaspace       used 20165K, committed 20608K, reserved 1114112K
  class space    used 2071K, committed 2240K, reserved 1048576K
}
Event: 3,271 GC heap after
{Heap after GC invocations=3 (full 0):
 PSYoungGen      total 29696K, used 4084K [0x00000000eab00000, 0x00000000ecc00000, 0x0000000100000000)
  eden space 25600K, 0% used [0x00000000eab00000,0x00000000eab00000,0x00000000ec400000)
  from space 4096K, 99% used [0x00000000ec400000,0x00000000ec7fd108,0x00000000ec800000)
  to   space 4096K, 0% used [0x00000000ec800000,0x00000000ec800000,0x00000000ecc00000)
 ParOldGen       total 68608K, used 2700K [0x00000000c0000000, 0x00000000c4300000, 0x00000000eab00000)
  object space 68608K, 3% used [0x00000000c0000000,0x00000000c02a3210,0x00000000c4300000)
 Metaspace       used 20165K, committed 20608K, reserved 1114112K
  class space    used 2071K, committed 2240K, reserved 1048576K
}
Event: 3,439 GC heap before
{Heap before GC invocations=4 (full 0):
 PSYoungGen      total 29696K, used 9704K [0x00000000eab00000, 0x00000000ecc00000, 0x0000000100000000)
  eden space 25600K, 21% used [0x00000000eab00000,0x00000000eb07d1d0,0x00000000ec400000)
  from space 4096K, 99% used [0x00000000ec400000,0x00000000ec7fd108,0x00000000ec800000)
  to   space 4096K, 0% used [0x00000000ec800000,0x00000000ec800000,0x00000000ecc00000)
 ParOldGen       total 68608K, used 2700K [0x00000000c0000000, 0x00000000c4300000, 0x00000000eab00000)
  object space 68608K, 3% used [0x00000000c0000000,0x00000000c02a3210,0x00000000c4300000)
 Metaspace       used 21098K, committed 21504K, reserved 1114112K
  class space    used 2167K, committed 2368K, reserved 1048576K
}
Event: 3,445 GC heap after
{Heap after GC invocations=4 (full 0):
 PSYoungGen      total 29696K, used 4068K [0x00000000eab00000, 0x00000000ecc00000, 0x0000000100000000)
  eden space 25600K, 0% used [0x00000000eab00000,0x00000000eab00000,0x00000000ec400000)
  from space 4096K, 99% used [0x00000000ec800000,0x00000000ecbf90f8,0x00000000ecc00000)
  to   space 4096K, 0% used [0x00000000ec400000,0x00000000ec400000,0x00000000ec800000)
 ParOldGen       total 68608K, used 2940K [0x00000000c0000000, 0x00000000c4300000, 0x00000000eab00000)
  object space 68608K, 4% used [0x00000000c0000000,0x00000000c02df210,0x00000000c4300000)
 Metaspace       used 21098K, committed 21504K, reserved 1114112K
  class space    used 2167K, committed 2368K, reserved 1048576K
}
Event: 3,445 GC heap before
{Heap before GC invocations=5 (full 1):
 PSYoungGen      total 29696K, used 4068K [0x00000000eab00000, 0x00000000ecc00000, 0x0000000100000000)
  eden space 25600K, 0% used [0x00000000eab00000,0x00000000eab00000,0x00000000ec400000)
  from space 4096K, 99% used [0x00000000ec800000,0x00000000ecbf90f8,0x00000000ecc00000)
  to   space 4096K, 0% used [0x00000000ec400000,0x00000000ec400000,0x00000000ec800000)
 ParOldGen       total 68608K, used 2940K [0x00000000c0000000, 0x00000000c4300000, 0x00000000eab00000)
  object space 68608K, 4% used [0x00000000c0000000,0x00000000c02df210,0x00000000c4300000)
 Metaspace       used 21098K, committed 21504K, reserved 1114112K
  class space    used 2167K, committed 2368K, reserved 1048576K
}
Event: 3,488 GC heap after
{Heap after GC invocations=5 (full 1):
 PSYoungGen      total 29696K, used 0K [0x00000000eab00000, 0x00000000ecc00000, 0x0000000100000000)
  eden space 25600K, 0% used [0x00000000eab00000,0x00000000eab00000,0x00000000ec400000)
  from space 4096K, 0% used [0x00000000ec800000,0x00000000ec800000,0x00000000ecc00000)
  to   space 4096K, 0% used [0x00000000ec400000,0x00000000ec400000,0x00000000ec800000)
 ParOldGen       total 68608K, used 6816K [0x00000000c0000000, 0x00000000c4300000, 0x00000000eab00000)
  object space 68608K, 9% used [0x00000000c0000000,0x00000000c06a80c0,0x00000000c4300000)
 Metaspace       used 21085K, committed 21504K, reserved 1114112K
  class space    used 2163K, committed 2368K, reserved 1048576K
}
Event: 3,956 GC heap before
{Heap before GC invocations=6 (full 1):
 PSYoungGen      total 29696K, used 25600K [0x00000000eab00000, 0x00000000ecc00000, 0x0000000100000000)
  eden space 25600K, 100% used [0x00000000eab00000,0x00000000ec400000,0x00000000ec400000)
  from space 4096K, 0% used [0x00000000ec800000,0x00000000ec800000,0x00000000ecc00000)
  to   space 4096K, 0% used [0x00000000ec400000,0x00000000ec400000,0x00000000ec800000)
 ParOldGen       total 68608K, used 6816K [0x00000000c0000000, 0x00000000c4300000, 0x00000000eab00000)
  object space 68608K, 9% used [0x00000000c0000000,0x00000000c06a80c0,0x00000000c4300000)
 Metaspace       used 24179K, committed 24640K, reserved 1114112K
  class space    used 2424K, committed 2624K, reserved 1048576K
}
Event: 3,958 GC heap after
{Heap after GC invocations=6 (full 1):
 PSYoungGen      total 26112K, used 707K [0x00000000eab00000, 0x00000000ec880000, 0x0000000100000000)
  eden space 25088K, 0% used [0x00000000eab00000,0x00000000eab00000,0x00000000ec380000)
  from space 1024K, 69% used [0x00000000ec400000,0x00000000ec4b0f38,0x00000000ec500000)
  to   space 2560K, 0% used [0x00000000ec600000,0x00000000ec600000,0x00000000ec880000)
 ParOldGen       total 68608K, used 6824K [0x00000000c0000000, 0x00000000c4300000, 0x00000000eab00000)
  object space 68608K, 9% used [0x00000000c0000000,0x00000000c06aa0c0,0x00000000c4300000)
 Metaspace       used 24179K, committed 24640K, reserved 1114112K
  class space    used 2424K, committed 2624K, reserved 1048576K
}
Event: 4,276 GC heap before
{Heap before GC invocations=7 (full 1):
 PSYoungGen      total 26112K, used 25795K [0x00000000eab00000, 0x00000000ec880000, 0x0000000100000000)
  eden space 25088K, 100% used [0x00000000eab00000,0x00000000ec380000,0x00000000ec380000)
  from space 1024K, 69% used [0x00000000ec400000,0x00000000ec4b0f38,0x00000000ec500000)
  to   space 2560K, 0% used [0x00000000ec600000,0x00000000ec600000,0x00000000ec880000)
 ParOldGen       total 68608K, used 6824K [0x00000000c0000000, 0x00000000c4300000, 0x00000000eab00000)
  object space 68608K, 9% used [0x00000000c0000000,0x00000000c06aa0c0,0x00000000c4300000)
 Metaspace       used 27527K, committed 28032K, reserved 1114112K
  class space    used 2683K, committed 2880K, reserved 1048576K
}
Event: 4,280 GC heap after
{Heap after GC invocations=7 (full 1):
 PSYoungGen      total 27136K, used 2540K [0x00000000eab00000, 0x00000000ec900000, 0x0000000100000000)
  eden space 24576K, 0% used [0x00000000eab00000,0x00000000eab00000,0x00000000ec300000)
  from space 2560K, 99% used [0x00000000ec600000,0x00000000ec87b1e8,0x00000000ec880000)
  to   space 3072K, 0% used [0x00000000ec300000,0x00000000ec300000,0x00000000ec600000)
 ParOldGen       total 68608K, used 6912K [0x00000000c0000000, 0x00000000c4300000, 0x00000000eab00000)
  object space 68608K, 10% used [0x00000000c0000000,0x00000000c06c00f0,0x00000000c4300000)
 Metaspace       used 27527K, committed 28032K, reserved 1114112K
  class space    used 2683K, committed 2880K, reserved 1048576K
}
Event: 5,140 GC heap before
{Heap before GC invocations=8 (full 1):
 PSYoungGen      total 27136K, used 27116K [0x00000000eab00000, 0x00000000ec900000, 0x0000000100000000)
  eden space 24576K, 100% used [0x00000000eab00000,0x00000000ec300000,0x00000000ec300000)
  from space 2560K, 99% used [0x00000000ec600000,0x00000000ec87b1e8,0x00000000ec880000)
  to   space 3072K, 0% used [0x00000000ec300000,0x00000000ec300000,0x00000000ec600000)
 ParOldGen       total 68608K, used 6912K [0x00000000c0000000, 0x00000000c4300000, 0x00000000eab00000)
  object space 68608K, 10% used [0x00000000c0000000,0x00000000c06c00f0,0x00000000c4300000)
 Metaspace       used 30420K, committed 30976K, reserved 1114112K
  class space    used 2959K, committed 3200K, reserved 1048576K
}
Event: 5,151 GC heap after
{Heap after GC invocations=8 (full 1):
 PSYoungGen      total 27136K, used 3063K [0x00000000eab00000, 0x00000000ecb80000, 0x0000000100000000)
  eden space 24064K, 0% used [0x00000000eab00000,0x00000000eab00000,0x00000000ec280000)
  from space 3072K, 99% used [0x00000000ec300000,0x00000000ec5fdf50,0x00000000ec600000)
  to   space 4608K, 0% used [0x00000000ec700000,0x00000000ec700000,0x00000000ecb80000)
 ParOldGen       total 68608K, used 8064K [0x00000000c0000000, 0x00000000c4300000, 0x00000000eab00000)
  object space 68608K, 11% used [0x00000000c0000000,0x00000000c07e01c0,0x00000000c4300000)
 Metaspace       used 30420K, committed 30976K, reserved 1114112K
  class space    used 2959K, committed 3200K, reserved 1048576K
}

Dll operation events (9 events):
Event: 0,005 Loaded shared library /home/ethanlepareur/.vscode/extensions/redhat.java-1.30.0-linux-x64/jre/17.0.10-linux-x86_64/lib/libjava.so
Event: 0,208 Loaded shared library /home/ethanlepareur/.vscode/extensions/redhat.java-1.30.0-linux-x64/jre/17.0.10-linux-x86_64/lib/libzip.so
Event: 0,210 Loaded shared library /home/ethanlepareur/.vscode/extensions/redhat.java-1.30.0-linux-x64/jre/17.0.10-linux-x86_64/lib/libinstrument.so
Event: 0,222 Loaded shared library /home/ethanlepareur/.vscode/extensions/redhat.java-1.30.0-linux-x64/jre/17.0.10-linux-x86_64/lib/libnio.so
Event: 0,234 Loaded shared library /home/ethanlepareur/.vscode/extensions/redhat.java-1.30.0-linux-x64/jre/17.0.10-linux-x86_64/lib/libzip.so
Event: 0,254 Loaded shared library /home/ethanlepareur/.vscode/extensions/redhat.java-1.30.0-linux-x64/jre/17.0.10-linux-x86_64/lib/libjimage.so
Event: 0,317 Loaded shared library /home/ethanlepareur/.vscode/extensions/redhat.java-1.30.0-linux-x64/jre/17.0.10-linux-x86_64/lib/libverify.so
Event: 1,365 Loaded shared library /home/ethanlepareur/.vscode/extensions/redhat.java-1.30.0-linux-x64/jre/17.0.10-linux-x86_64/lib/libnet.so
Event: 2,166 Loaded shared library /home/ethanlepareur/.config/Code/User/globalStorage/redhat.java/1.30.0/config_ss_linux/org.eclipse.equinox.launcher/org.eclipse.equinox.launcher.gtk.linux.x86_64_1.2.900.v20240129-1338/eclipse_11900.so

Deoptimization events (20 events):
Event: 5,032 Thread 0x00007f1e4c6309f0 DEOPT PACKING pc=0x00007f1e3a695dd5 sp=0x00007f1e2e1e7840
Event: 5,032 Thread 0x00007f1e4c6309f0 DEOPT UNPACKING pc=0x00007f1e4178db2f sp=0x00007f1e2e1e6ce8 mode 0
Event: 5,032 Thread 0x00007f1e4c6309f0 DEOPT PACKING pc=0x00007f1e3a695dd5 sp=0x00007f1e2e1e7840
Event: 5,032 Thread 0x00007f1e4c6309f0 DEOPT UNPACKING pc=0x00007f1e4178db2f sp=0x00007f1e2e1e6ce8 mode 0
Event: 5,033 Thread 0x00007f1e4c6309f0 DEOPT PACKING pc=0x00007f1e3a695dd5 sp=0x00007f1e2e1e7840
Event: 5,033 Thread 0x00007f1e4c6309f0 DEOPT UNPACKING pc=0x00007f1e4178db2f sp=0x00007f1e2e1e6ce8 mode 0
Event: 5,034 Thread 0x00007f1e4c6309f0 DEOPT PACKING pc=0x00007f1e3a695dd5 sp=0x00007f1e2e1e7840
Event: 5,034 Thread 0x00007f1e4c6309f0 DEOPT UNPACKING pc=0x00007f1e4178db2f sp=0x00007f1e2e1e6ce8 mode 0
Event: 5,126 Thread 0x00007f1e4c6309f0 Uncommon trap: trap_request=0xffffff45 fr.pc=0x00007f1e41dc0408 relative=0x0000000000000b88
Event: 5,126 Thread 0x00007f1e4c6309f0 Uncommon trap: reason=unstable_if action=reinterpret pc=0x00007f1e41dc0408 method=java.util.Properties$LineReader.readLine()I @ 221 c2
Event: 5,126 Thread 0x00007f1e4c6309f0 DEOPT PACKING pc=0x00007f1e41dc0408 sp=0x00007f1e2e1ebcf0
Event: 5,126 Thread 0x00007f1e4c6309f0 DEOPT UNPACKING pc=0x00007f1e4178d399 sp=0x00007f1e2e1ebc90 mode 2
Event: 5,126 Thread 0x00007f1e4c6309f0 Uncommon trap: trap_request=0xffffff76 fr.pc=0x00007f1e41dbe9a0 relative=0x0000000000000e20
Event: 5,126 Thread 0x00007f1e4c6309f0 Uncommon trap: reason=predicate action=maybe_recompile pc=0x00007f1e41dbe9a0 method=java.util.Properties$LineReader.readLine()I @ 53 c2
Event: 5,126 Thread 0x00007f1e4c6309f0 DEOPT PACKING pc=0x00007f1e41dbe9a0 sp=0x00007f1e2e1ebce0
Event: 5,126 Thread 0x00007f1e4c6309f0 DEOPT UNPACKING pc=0x00007f1e4178d399 sp=0x00007f1e2e1ebc98 mode 2
Event: 5,418 Thread 0x00007f1d78012490 Uncommon trap: trap_request=0xffffffbe fr.pc=0x00007f1e41df0570 relative=0x0000000000001270
Event: 5,418 Thread 0x00007f1d78012490 Uncommon trap: reason=profile_predicate action=maybe_recompile pc=0x00007f1e41df0570 method=java.util.Properties.load0(Ljava/util/Properties$LineReader;)V @ 29 c2
Event: 5,418 Thread 0x00007f1d78012490 DEOPT PACKING pc=0x00007f1e41df0570 sp=0x00007f1e2d50aae0
Event: 5,418 Thread 0x00007f1d78012490 DEOPT UNPACKING pc=0x00007f1e4178d399 sp=0x00007f1e2d50aab8 mode 2

Classes unloaded (7 events):
Event: 3,452 Thread 0x00007f1e4c069610 Unloading class 0x0000000100243400 'java/lang/invoke/LambdaForm$MH+0x0000000100243400'
Event: 3,452 Thread 0x00007f1e4c069610 Unloading class 0x0000000100243000 'java/lang/invoke/LambdaForm$MH+0x0000000100243000'
Event: 3,452 Thread 0x00007f1e4c069610 Unloading class 0x0000000100242c00 'java/lang/invoke/LambdaForm$MH+0x0000000100242c00'
Event: 3,452 Thread 0x00007f1e4c069610 Unloading class 0x0000000100242800 'java/lang/invoke/LambdaForm$MH+0x0000000100242800'
Event: 3,452 Thread 0x00007f1e4c069610 Unloading class 0x0000000100242400 'java/lang/invoke/LambdaForm$BMH+0x0000000100242400'
Event: 3,452 Thread 0x00007f1e4c069610 Unloading class 0x0000000100242000 'java/lang/invoke/LambdaForm$DMH+0x0000000100242000'
Event: 3,452 Thread 0x00007f1e4c069610 Unloading class 0x000000010023c400 'java/lang/invoke/LambdaForm$DMH+0x000000010023c400'

Classes redefined (0 events):
No events

Internal exceptions (20 events):
Event: 3,536 Thread 0x00007f1e4c6309f0 Exception <a 'java/lang/NoSuchMethodError'{0x00000000eac48178}: 'java.lang.Object java.lang.invoke.Invokers$Holder.linkToTargetMethod(java.lang.Object, java.lang.Object, long, java.lang.Object)'> (0x00000000eac48178) 
thrown [src/hotspot/share/interpreter/linkResolver.cpp, line 758]
Event: 3,561 Thread 0x00007f1e4c6309f0 Exception <a 'java/lang/NoSuchMethodError'{0x00000000eace4f50}: 'int java.lang.invoke.DirectMethodHandle$Holder.invokeStaticInit(java.lang.Object, java.lang.Object, java.lang.Object)'> (0x00000000eace4f50) 
thrown [src/hotspot/share/interpreter/linkResolver.cpp, line 758]
Event: 3,639 Thread 0x00007f1e4c6309f0 Exception <a 'java/lang/IncompatibleClassChangeError'{0x00000000eaf27280}: Found class java.lang.Object, but interface was expected> (0x00000000eaf27280) 
thrown [src/hotspot/share/interpreter/linkResolver.cpp, line 826]
Event: 3,645 Thread 0x00007f1e4c6309f0 Exception <a 'java/lang/NoSuchMethodError'{0x00000000eaf3dca8}: 'java.lang.Object java.lang.invoke.DirectMethodHandle$Holder.invokeSpecial(java.lang.Object, java.lang.Object, java.lang.Object, int, java.lang.Object, java.lang.Object)'> (0x00000000eaf3dca8) 
thrown [src/hotspot/share/interpreter/linkResolver.cpp, line 758]
Event: 3,646 Thread 0x00007f1e4c6309f0 Exception <a 'java/lang/NoSuchMethodError'{0x00000000eaf46430}: 'java.lang.Object java.lang.invoke.DirectMethodHandle$Holder.newInvokeSpecial(java.lang.Object, java.lang.Object, java.lang.Object, int, java.lang.Object)'> (0x00000000eaf46430) 
thrown [src/hotspot/share/interpreter/linkResolver.cpp, line 758]
Event: 3,647 Thread 0x00007f1e4c6309f0 Exception <a 'java/lang/NoSuchMethodError'{0x00000000eaf4a888}: 'java.lang.Object java.lang.invoke.DirectMethodHandle$Holder.invokeSpecial(java.lang.Object, java.lang.Object, java.lang.Object, java.lang.Object, int, java.lang.Object)'> (0x00000000eaf4a888) 
thrown [src/hotspot/share/interpreter/linkResolver.cpp, line 758]
Event: 3,649 Thread 0x00007f1d942f3aa0 Exception <a 'java/lang/NoSuchMethodError'{0x00000000eac9cc68}: 'java.lang.Object java.lang.invoke.DirectMethodHandle$Holder.invokeSpecial(java.lang.Object, java.lang.Object, int, java.lang.Object, java.lang.Object)'> (0x00000000eac9cc68) 
thrown [src/hotspot/share/interpreter/linkResolver.cpp, line 758]
Event: 3,650 Thread 0x00007f1d942f3aa0 Exception <a 'java/lang/NoSuchMethodError'{0x00000000eaca4338}: 'java.lang.Object java.lang.invoke.DirectMethodHandle$Holder.newInvokeSpecial(java.lang.Object, java.lang.Object, int, java.lang.Object)'> (0x00000000eaca4338) 
thrown [src/hotspot/share/interpreter/linkResolver.cpp, line 758]
Event: 3,651 Thread 0x00007f1d942f3aa0 Exception <a 'java/lang/NoSuchMethodError'{0x00000000eaca7e48}: 'java.lang.Object java.lang.invoke.DirectMethodHandle$Holder.invokeSpecial(java.lang.Object, java.lang.Object, java.lang.Object, int, java.lang.Object)'> (0x00000000eaca7e48) 
thrown [src/hotspot/share/interpreter/linkResolver.cpp, line 758]
Event: 4,448 Thread 0x00007f1e4c6309f0 Exception <a 'java/lang/ClassNotFoundException'{0x00000000eb77b750}: com/sun/org/apache/xerces/internal/impl/msg/spi/DOMMessagesProvider> (0x00000000eb77b750) 
thrown [src/hotspot/share/classfile/systemDictionary.cpp, line 256]
Event: 4,460 Thread 0x00007f1e4c6309f0 Exception <a 'java/lang/ClassNotFoundException'{0x00000000eb7bdb00}: com/sun/org/apache/xerces/internal/impl/msg/spi/XMLSerializerMessagesProvider> (0x00000000eb7bdb00) 
thrown [src/hotspot/share/classfile/systemDictionary.cpp, line 256]
Event: 4,465 Thread 0x00007f1e4c6309f0 Exception <a 'java/lang/ClassNotFoundException'{0x00000000eb7d6350}: com/sun/org/apache/xerces/internal/impl/msg/spi/XMLMessagesProvider> (0x00000000eb7d6350) 
thrown [src/hotspot/share/classfile/systemDictionary.cpp, line 256]
Event: 4,528 Thread 0x00007f1e4c6309f0 Exception <a 'java/lang/NoSuchMethodError'{0x00000000eba1d4c8}: 'java.lang.Object java.lang.invoke.DirectMethodHandle$Holder.newInvokeSpecial(java.lang.Object, int, java.lang.Object, java.lang.Object)'> (0x00000000eba1d4c8) 
thrown [src/hotspot/share/interpreter/linkResolver.cpp, line 758]
Event: 5,088 Thread 0x00007f1e4c6309f0 Exception <a 'sun/nio/fs/UnixException'{0x00000000ebf55c78}> (0x00000000ebf55c78) 
thrown [src/hotspot/share/prims/jni.cpp, line 516]
Event: 5,126 Thread 0x00007f1e4c6309f0 Implicit null exception at 0x00007f1e41dbdc85 to 0x00007f1e41dbe958
Event: 5,192 Thread 0x00007f1e4c6309f0 Exception <a 'java/lang/ClassNotFoundException'{0x00000000ead10188}: com/sun/org/apache/xml/internal/serializer/spi/XMLEntitiesProvider> (0x00000000ead10188) 
thrown [src/hotspot/share/classfile/systemDictionary.cpp, line 256]
Event: 5,325 Thread 0x00007f1e4c6309f0 Exception <a 'java/io/FileNotFoundException'{0x00000000eb3e22c8}> (0x00000000eb3e22c8) 
thrown [src/hotspot/share/prims/jni.cpp, line 516]
Event: 5,341 Thread 0x00007f1e4c6309f0 Exception <a 'java/io/FileNotFoundException'{0x00000000eb471fd8}> (0x00000000eb471fd8) 
thrown [src/hotspot/share/prims/jni.cpp, line 516]
Event: 5,351 Thread 0x00007f1e4c6309f0 Exception <a 'java/io/FileNotFoundException'{0x00000000eb4f62f8}> (0x00000000eb4f62f8) 
thrown [src/hotspot/share/prims/jni.cpp, line 516]
Event: 5,426 Thread 0x00007f1e4c028390 Exception <a 'java/lang/NoSuchMethodError'{0x00000000eb98bfa8}: 'void java.lang.invoke.DirectMethodHandle$Holder.invokeStatic(java.lang.Object, java.lang.Object, java.lang.Object, java.lang.Object)'> (0x00000000eb98bfa8) 
thrown [src/hotspot/share/interpreter/linkResolver.cpp, line 758]

VM Operations (20 events):
Event: 3,439 Executing VM operation: CollectForMetadataAllocation
Event: 3,489 Executing VM operation: CollectForMetadataAllocation done
Event: 3,580 Executing VM operation: HandshakeAllThreads
Event: 3,580 Executing VM operation: HandshakeAllThreads done
Event: 3,613 Executing VM operation: HandshakeAllThreads
Event: 3,613 Executing VM operation: HandshakeAllThreads done
Event: 3,675 Executing VM operation: HandshakeAllThreads
Event: 3,675 Executing VM operation: HandshakeAllThreads done
Event: 3,956 Executing VM operation: ParallelGCFailedAllocation
Event: 3,958 Executing VM operation: ParallelGCFailedAllocation done
Event: 4,276 Executing VM operation: ParallelGCFailedAllocation
Event: 4,280 Executing VM operation: ParallelGCFailedAllocation done
Event: 4,392 Executing VM operation: HandshakeAllThreads
Event: 4,392 Executing VM operation: HandshakeAllThreads done
Event: 4,601 Executing VM operation: HandshakeAllThreads
Event: 4,601 Executing VM operation: HandshakeAllThreads done
Event: 5,038 Executing VM operation: HandshakeAllThreads
Event: 5,038 Executing VM operation: HandshakeAllThreads done
Event: 5,140 Executing VM operation: ParallelGCFailedAllocation
Event: 5,151 Executing VM operation: ParallelGCFailedAllocation done

Events (20 events):
Event: 5,428 loading class java/lang/Deprecated
Event: 5,428 loading class java/lang/Deprecated done
Event: 5,428 loading class java/lang/annotation/Documented
Event: 5,429 loading class java/lang/annotation/Documented done
Event: 5,430 loading class jdk/internal/vm/annotation/IntrinsicCandidate
Event: 5,430 loading class jdk/internal/vm/annotation/IntrinsicCandidate done
Event: 5,456 loading class sun/reflect/generics/tree/BottomSignature
Event: 5,456 loading class sun/reflect/generics/tree/BottomSignature done
Event: 5,456 loading class sun/reflect/generics/tree/Wildcard
Event: 5,456 loading class sun/reflect/generics/tree/Wildcard done
Event: 5,457 loading class sun/reflect/generics/reflectiveObjects/WildcardTypeImpl
Event: 5,457 loading class java/lang/reflect/WildcardType
Event: 5,457 loading class java/lang/reflect/WildcardType done
Event: 5,457 loading class sun/reflect/generics/reflectiveObjects/WildcardTypeImpl done
Event: 5,539 loading class java/math/BigDecimal
Event: 5,540 loading class java/math/BigDecimal done
Event: 5,550 loading class java/text/ParseException
Event: 5,551 loading class java/text/ParseException done
Event: 5,565 loading class java/util/concurrent/atomic/AtomicIntegerArray
Event: 5,566 loading class java/util/concurrent/atomic/AtomicIntegerArray done


Dynamic libraries:
c0000000-c4300000 rw-p 00000000 00:00 0 
c4300000-eab00000 ---p 00000000 00:00 0 
eab00000-ecb80000 rw-p 00000000 00:00 0 
ecb80000-100000000 ---p 00000000 00:00 0 
100000000-100010000 rw-p 00000000 00:00 0 
100010000-100030000 rw-p 00000000 00:00 0 
100030000-1000b0000 rw-p 00000000 00:00 0 
1000b0000-1000d0000 rw-p 00000000 00:00 0 
1000d0000-100130000 rw-p 00000000 00:00 0 
100130000-100170000 rw-p 00000000 00:00 0 
100170000-1001b0000 rw-p 00000000 00:00 0 
1001b0000-1001f0000 rw-p 00000000 00:00 0 
1001f0000-100330000 rw-p 00000000 00:00 0 
100330000-100370000 rw-p 00000000 00:00 0 
100370000-100380000 ---p 00000000 00:00 0 
100380000-1003b0000 rw-p 00000000 00:00 0 
1003b0000-140000000 ---p 00000000 00:00 0 
55d98f6c8000-55d98f6c9000 r--p 00000000 00:20 191466                     /home/ethanlepareur/.vscode/extensions/redhat.java-1.30.0-linux-x64/jre/17.0.10-linux-x86_64/bin/java
55d98f6c9000-55d98f6ca000 r-xp 00001000 00:20 191466                     /home/ethanlepareur/.vscode/extensions/redhat.java-1.30.0-linux-x64/jre/17.0.10-linux-x86_64/bin/java
55d98f6ca000-55d98f6cb000 r--p 00002000 00:20 191466                     /home/ethanlepareur/.vscode/extensions/redhat.java-1.30.0-linux-x64/jre/17.0.10-linux-x86_64/bin/java
55d98f6cb000-55d98f6cc000 r--p 00002000 00:20 191466                     /home/ethanlepareur/.vscode/extensions/redhat.java-1.30.0-linux-x64/jre/17.0.10-linux-x86_64/bin/java
55d98f6cc000-55d98f6cd000 rw-p 00003000 00:20 191466                     /home/ethanlepareur/.vscode/extensions/redhat.java-1.30.0-linux-x64/jre/17.0.10-linux-x86_64/bin/java
55d98f8f8000-55d98f941000 rw-p 00000000 00:00 0                          [heap]
7f1d60000000-7f1d60021000 rw-p 00000000 00:00 0 
7f1d60021000-7f1d64000000 ---p 00000000 00:00 0 
7f1d64000000-7f1d64097000 rw-p 00000000 00:00 0 
7f1d64097000-7f1d68000000 ---p 00000000 00:00 0 
7f1d6c000000-7f1d6c26e000 rw-p 00000000 00:00 0 
7f1d6c26e000-7f1d70000000 ---p 00000000 00:00 0 
7f1d70000000-7f1d710f4000 rw-p 00000000 00:00 0 
7f1d710f4000-7f1d74000000 ---p 00000000 00:00 0 
7f1d78000000-7f1d78021000 rw-p 00000000 00:00 0 
7f1d78021000-7f1d7c000000 ---p 00000000 00:00 0 
7f1d7c000000-7f1d7c0f3000 rw-p 00000000 00:00 0 
7f1d7c0f3000-7f1d80000000 ---p 00000000 00:00 0 
7f1d84000000-7f1d84021000 rw-p 00000000 00:00 0 
7f1d84021000-7f1d88000000 ---p 00000000 00:00 0 
7f1d88000000-7f1d88021000 rw-p 00000000 00:00 0 
7f1d88021000-7f1d8c000000 ---p 00000000 00:00 0 
7f1d90000000-7f1d90021000 rw-p 00000000 00:00 0 
7f1d90021000-7f1d94000000 ---p 00000000 00:00 0 
7f1d94000000-7f1d947fc000 rw-p 00000000 00:00 0 
7f1d947fc000-7f1d98000000 ---p 00000000 00:00 0 
7f1d9c000000-7f1d9c021000 rw-p 00000000 00:00 0 
7f1d9c021000-7f1da0000000 ---p 00000000 00:00 0 
7f1da0000000-7f1da0021000 rw-p 00000000 00:00 0 
7f1da0021000-7f1da4000000 ---p 00000000 00:00 0 
7f1da8000000-7f1da8021000 rw-p 00000000 00:00 0 
7f1da8021000-7f1dac000000 ---p 00000000 00:00 0 
7f1dac000000-7f1dac021000 rw-p 00000000 00:00 0 
7f1dac021000-7f1db0000000 ---p 00000000 00:00 0 
7f1db4000000-7f1db4021000 rw-p 00000000 00:00 0 
7f1db4021000-7f1db8000000 ---p 00000000 00:00 0 
7f1db8000000-7f1db8021000 rw-p 00000000 00:00 0 
7f1db8021000-7f1dbc000000 ---p 00000000 00:00 0 
7f1dc0000000-7f1dc0021000 rw-p 00000000 00:00 0 
7f1dc0021000-7f1dc4000000 ---p 00000000 00:00 0 
7f1dc4000000-7f1dc4021000 rw-p 00000000 00:00 0 
7f1dc4021000-7f1dc8000000 ---p 00000000 00:00 0 
7f1dcc000000-7f1dcc021000 rw-p 00000000 00:00 0 
7f1dcc021000-7f1dd0000000 ---p 00000000 00:00 0 
7f1dd0000000-7f1dd0021000 rw-p 00000000 00:00 0 
7f1dd0021000-7f1dd4000000 ---p 00000000 00:00 0 
7f1dd8000000-7f1dd83a7000 rw-p 00000000 00:00 0 
7f1dd83a7000-7f1ddc000000 ---p 00000000 00:00 0 
7f1ddc000000-7f1ddc3d4000 rw-p 00000000 00:00 0 
7f1ddc3d4000-7f1de0000000 ---p 00000000 00:00 0 
7f1de4000000-7f1de4021000 rw-p 00000000 00:00 0 
7f1de4021000-7f1de8000000 ---p 00000000 00:00 0 
7f1de8000000-7f1de8021000 rw-p 00000000 00:00 0 
7f1de8021000-7f1dec000000 ---p 00000000 00:00 0 
7f1df0000000-7f1df04fb000 rw-p 00000000 00:00 0 
7f1df04fb000-7f1df4000000 ---p 00000000 00:00 0 
7f1df4000000-7f1df478b000 rw-p 00000000 00:00 0 
7f1df478b000-7f1df8000000 ---p 00000000 00:00 0 
7f1dfc000000-7f1dfc021000 rw-p 00000000 00:00 0 
7f1dfc021000-7f1e00000000 ---p 00000000 00:00 0 
7f1e00000000-7f1e00021000 rw-p 00000000 00:00 0 
7f1e00021000-7f1e04000000 ---p 00000000 00:00 0 
7f1e08000000-7f1e08021000 rw-p 00000000 00:00 0 
7f1e08021000-7f1e0c000000 ---p 00000000 00:00 0 
7f1e0e400000-7f1e1bf1d000 r--p 00000000 00:20 589033                     /usr/lib/locale/locale-archive
7f1e1c000000-7f1e1c021000 rw-p 00000000 00:00 0 
7f1e1c021000-7f1e20000000 ---p 00000000 00:00 0 
7f1e20000000-7f1e20021000 rw-p 00000000 00:00 0 
7f1e20021000-7f1e24000000 ---p 00000000 00:00 0 
7f1e28000000-7f1e28021000 rw-p 00000000 00:00 0 
7f1e28021000-7f1e2c000000 ---p 00000000 00:00 0 
7f1e2d000000-7f1e2d291000 rw-p 00000000 00:00 0 
7f1e2d40d000-7f1e2d411000 ---p 00000000 00:00 0 
7f1e2d411000-7f1e2d50d000 rw-p 00000000 00:00 0 
7f1e2d600000-7f1e2d604000 ---p 00000000 00:00 0 
7f1e2d604000-7f1e2d700000 rw-p 00000000 00:00 0 
7f1e2d700000-7f1e2d704000 ---p 00000000 00:00 0 
7f1e2d704000-7f1e2d800000 rw-p 00000000 00:00 0 
7f1e2d800000-7f1e2d804000 ---p 00000000 00:00 0 
7f1e2d804000-7f1e2d900000 rw-p 00000000 00:00 0 
7f1e2d900000-7f1e2d904000 ---p 00000000 00:00 0 
7f1e2d904000-7f1e2da00000 rw-p 00000000 00:00 0 
7f1e2da00000-7f1e2da04000 ---p 00000000 00:00 0 
7f1e2da04000-7f1e2db00000 rw-p 00000000 00:00 0 
7f1e2db00000-7f1e2db04000 ---p 00000000 00:00 0 
7f1e2db04000-7f1e2dc00000 rw-p 00000000 00:00 0 
7f1e2dc00000-7f1e2dc10000 r-xp 00000000 00:20 192124                     /home/ethanlepareur/.config/Code/User/globalStorage/redhat.java/1.30.0/config_ss_linux/org.eclipse.equinox.launcher/org.eclipse.equinox.launcher.gtk.linux.x86_64_1.2.900.v20240129-1338/eclipse_11900.so
7f1e2dc10000-7f1e2de10000 ---p 00010000 00:20 192124                     /home/ethanlepareur/.config/Code/User/globalStorage/redhat.java/1.30.0/config_ss_linux/org.eclipse.equinox.launcher/org.eclipse.equinox.launcher.gtk.linux.x86_64_1.2.900.v20240129-1338/eclipse_11900.so
7f1e2de10000-7f1e2de11000 r--p 00010000 00:20 192124                     /home/ethanlepareur/.config/Code/User/globalStorage/redhat.java/1.30.0/config_ss_linux/org.eclipse.equinox.launcher/org.eclipse.equinox.launcher.gtk.linux.x86_64_1.2.900.v20240129-1338/eclipse_11900.so
7f1e2de11000-7f1e2de12000 rw-p 00011000 00:20 192124                     /home/ethanlepareur/.config/Code/User/globalStorage/redhat.java/1.30.0/config_ss_linux/org.eclipse.equinox.launcher/org.eclipse.equinox.launcher.gtk.linux.x86_64_1.2.900.v20240129-1338/eclipse_11900.so
7f1e2de12000-7f1e2de13000 rw-p 00000000 00:00 0 
7f1e2deee000-7f1e2deef000 ---p 00000000 00:00 0 
7f1e2deef000-7f1e2dfef000 rw-p 00000000 00:00 0 
7f1e2dfef000-7f1e2dff3000 ---p 00000000 00:00 0 
7f1e2dff3000-7f1e2e0ef000 rw-p 00000000 00:00 0 
7f1e2e0ef000-7f1e2e0f3000 ---p 00000000 00:00 0 
7f1e2e0f3000-7f1e2e1ef000 rw-p 00000000 00:00 0 
7f1e2e1ef000-7f1e2e1f3000 ---p 00000000 00:00 0 
7f1e2e1f3000-7f1e2e2ef000 rw-p 00000000 00:00 0 
7f1e2e2ef000-7f1e2e2f0000 ---p 00000000 00:00 0 
7f1e2e2f0000-7f1e2e3f0000 rw-p 00000000 00:00 0 
7f1e2e3f0000-7f1e2e3f1000 ---p 00000000 00:00 0 
7f1e2e3f1000-7f1e2e4f1000 rw-p 00000000 00:00 0 
7f1e2e4f1000-7f1e2e4f2000 ---p 00000000 00:00 0 
7f1e2e4f2000-7f1e2e5f2000 rw-p 00000000 00:00 0 
7f1e2e5f2000-7f1e2e5f3000 ---p 00000000 00:00 0 
7f1e2e5f3000-7f1e2e6f3000 rw-p 00000000 00:00 0 
7f1e2e6f3000-7f1e2e6f4000 ---p 00000000 00:00 0 
7f1e2e6f4000-7f1e2e7f4000 rw-p 00000000 00:00 0 
7f1e2e7f4000-7f1e2e7f5000 ---p 00000000 00:00 0 
7f1e2e7f5000-7f1e2e8f5000 rw-p 00000000 00:00 0 
7f1e2e8f5000-7f1e2e8f6000 ---p 00000000 00:00 0 
7f1e2e8f6000-7f1e2e9f6000 rw-p 00000000 00:00 0 
7f1e2e9f6000-7f1e2e9fa000 ---p 00000000 00:00 0 
7f1e2e9fa000-7f1e2eaf6000 rw-p 00000000 00:00 0 
7f1e2eaf6000-7f1e2eafa000 ---p 00000000 00:00 0 
7f1e2eafa000-7f1e2ebf6000 rw-p 00000000 00:00 0 
7f1e2ebf6000-7f1e2ebfa000 ---p 00000000 00:00 0 
7f1e2ebfa000-7f1e2ecf6000 rw-p 00000000 00:00 0 
7f1e2ecf6000-7f1e2ecfa000 ---p 00000000 00:00 0 
7f1e2ecfa000-7f1e2edf6000 rw-p 00000000 00:00 0 
7f1e2edf6000-7f1e2edfa000 ---p 00000000 00:00 0 
7f1e2edfa000-7f1e2eef6000 rw-p 00000000 00:00 0 
7f1e2eef6000-7f1e2eefa000 ---p 00000000 00:00 0 
7f1e2eefa000-7f1e2eff6000 rw-p 00000000 00:00 0 
7f1e2eff6000-7f1e2effa000 ---p 00000000 00:00 0 
7f1e2effa000-7f1e2f0f6000 rw-p 00000000 00:00 0 
7f1e2f0f6000-7f1e2f0fa000 ---p 00000000 00:00 0 
7f1e2f0fa000-7f1e2f1f6000 rw-p 00000000 00:00 0 
7f1e2f1f6000-7f1e2f1fa000 ---p 00000000 00:00 0 
7f1e2f1fa000-7f1e2f2f6000 rw-p 00000000 00:00 0 
7f1e2f2f6000-7f1e2f2fa000 ---p 00000000 00:00 0 
7f1e2f2fa000-7f1e2f3f6000 rw-p 00000000 00:00 0 
7f1e2f3f6000-7f1e2f3fa000 ---p 00000000 00:00 0 
7f1e2f3fa000-7f1e2f4f6000 rw-p 00000000 00:00 0 
7f1e2f4f6000-7f1e2f4fa000 ---p 00000000 00:00 0 
7f1e2f4fa000-7f1e2f5f6000 rw-p 00000000 00:00 0 
7f1e2f5f6000-7f1e2f5f7000 ---p 00000000 00:00 0 
7f1e2f5f7000-7f1e2f6f7000 rw-p 00000000 00:00 0 
7f1e2f6f7000-7f1e303f0000 rw-p 00000000 00:00 0 
7f1e303f0000-7f1e30450000 rw-p 00000000 00:00 0 
7f1e30450000-7f1e30470000 rw-p 00000000 00:00 0 
7f1e30470000-7f1e304f0000 rw-p 00000000 00:00 0 
7f1e304f0000-7f1e307f0000 rw-p 00000000 00:00 0 
7f1e307f0000-7f1e308f0000 rw-p 00000000 00:00 0 
7f1e308f0000-7f1e30b70000 rw-p 00000000 00:00 0 
7f1e30b70000-7f1e30bf0000 rw-p 00000000 00:00 0 
7f1e30bf0000-7f1e30d50000 rw-p 00000000 00:00 0 
7f1e30d50000-7f1e30d70000 rw-p 00000000 00:00 0 
7f1e30d70000-7f1e30ef0000 rw-p 00000000 00:00 0 
7f1e30ef0000-7f1e30ff0000 rw-p 00000000 00:00 0 
7f1e30ff0000-7f1e313f0000 rw-p 00000000 00:00 0 
7f1e313f0000-7f1e319f0000 rw-p 00000000 00:00 0 
7f1e319f0000-7f1e31af0000 rw-p 00000000 00:00 0 
7f1e31af0000-7f1e31bf0000 rw-p 00000000 00:00 0 
7f1e31bf0000-7f1e31cf0000 rw-p 00000000 00:00 0 
7f1e31cf0000-7f1e31d40000 rw-p 00000000 00:00 0 
7f1e31d40000-7f1e31e00000 ---p 00000000 00:00 0 
7f1e31e00000-7f1e31ed0000 rw-p 00000000 00:00 0 
7f1e31ed0000-7f1e34000000 ---p 00000000 00:00 0 
7f1e34000000-7f1e34021000 rw-p 00000000 00:00 0 
7f1e34021000-7f1e38000000 ---p 00000000 00:00 0 
7f1e380ff000-7f1e3a200000 rw-p 00000000 00:00 0 
7f1e3a200000-7f1e3a770000 rwxp 00000000 00:00 0 
7f1e3a770000-7f1e41737000 ---p 00000000 00:00 0 
7f1e41737000-7f1e419a7000 rwxp 00000000 00:00 0 
7f1e419a7000-7f1e41cc9000 ---p 00000000 00:00 0 
7f1e41cc9000-7f1e41f39000 rwxp 00000000 00:00 0 
7f1e41f39000-7f1e49200000 ---p 00000000 00:00 0 
7f1e49200000-7f1e4be27000 r--s 00000000 00:20 191876                     /home/ethanlepareur/.vscode/extensions/redhat.java-1.30.0-linux-x64/jre/17.0.10-linux-x86_64/lib/modules
7f1e4beff000-7f1e4c8d9000 rw-p 00000000 00:00 0 
7f1e4c8d9000-7f1e50000000 ---p 00000000 00:00 0 
7f1e500a9000-7f1e500ad000 ---p 00000000 00:00 0 
7f1e500ad000-7f1e500cb000 rw-p 00000000 00:00 0 
7f1e500cb000-7f1e500f1000 r--p 00000000 00:20 589005                     /usr/share/locale/fr/LC_MESSAGES/libc.mo
7f1e500f1000-7f1e51200000 rw-p 00000000 00:00 0 
7f1e51217000-7f1e5121b000 r--p 00000000 00:20 191874                     /home/ethanlepareur/.vscode/extensions/redhat.java-1.30.0-linux-x64/jre/17.0.10-linux-x86_64/lib/libverify.so
7f1e5121b000-7f1e51222000 r-xp 00004000 00:20 191874                     /home/ethanlepareur/.vscode/extensions/redhat.java-1.30.0-linux-x64/jre/17.0.10-linux-x86_64/lib/libverify.so
7f1e51222000-7f1e51224000 r--p 0000b000 00:20 191874                     /home/ethanlepareur/.vscode/extensions/redhat.java-1.30.0-linux-x64/jre/17.0.10-linux-x86_64/lib/libverify.so
7f1e51224000-7f1e51226000 r--p 0000c000 00:20 191874                     /home/ethanlepareur/.vscode/extensions/redhat.java-1.30.0-linux-x64/jre/17.0.10-linux-x86_64/lib/libverify.so
7f1e51226000-7f1e51227000 rw-p 0000e000 00:20 191874                     /home/ethanlepareur/.vscode/extensions/redhat.java-1.30.0-linux-x64/jre/17.0.10-linux-x86_64/lib/libverify.so
7f1e51227000-7f1e513cb000 rw-p 00000000 00:00 0 
7f1e513cb000-7f1e514ff000 ---p 00000000 00:00 0 
7f1e514ff000-7f1e51500000 ---p 00000000 00:00 0 
7f1e51500000-7f1e51600000 rw-p 00000000 00:00 0 
7f1e51600000-7f1e51622000 rw-p 00000000 00:00 0 
7f1e51622000-7f1e51755000 ---p 00000000 00:00 0 
7f1e51755000-7f1e51766000 rw-p 00000000 00:00 0 
7f1e51766000-7f1e51800000 ---p 00000000 00:00 0 
7f1e51800000-7f1e51801000 rw-p 00000000 00:00 0 
7f1e51803000-7f1e51807000 r--p 00000000 00:20 191867                     /home/ethanlepareur/.vscode/extensions/redhat.java-1.30.0-linux-x64/jre/17.0.10-linux-x86_64/lib/libnet.so
7f1e51807000-7f1e51815000 r-xp 00004000 00:20 191867                     /home/ethanlepareur/.vscode/extensions/redhat.java-1.30.0-linux-x64/jre/17.0.10-linux-x86_64/lib/libnet.so
7f1e51815000-7f1e51819000 r--p 00012000 00:20 191867                     /home/ethanlepareur/.vscode/extensions/redhat.java-1.30.0-linux-x64/jre/17.0.10-linux-x86_64/lib/libnet.so
7f1e51819000-7f1e5181a000 r--p 00015000 00:20 191867                     /home/ethanlepareur/.vscode/extensions/redhat.java-1.30.0-linux-x64/jre/17.0.10-linux-x86_64/lib/libnet.so
7f1e5181a000-7f1e5181b000 rw-p 00016000 00:20 191867                     /home/ethanlepareur/.vscode/extensions/redhat.java-1.30.0-linux-x64/jre/17.0.10-linux-x86_64/lib/libnet.so
7f1e5181b000-7f1e51822000 r--p 00000000 00:20 191868                     /home/ethanlepareur/.vscode/extensions/redhat.java-1.30.0-linux-x64/jre/17.0.10-linux-x86_64/lib/libnio.so
7f1e51822000-7f1e5182b000 r-xp 00007000 00:20 191868                     /home/ethanlepareur/.vscode/extensions/redhat.java-1.30.0-linux-x64/jre/17.0.10-linux-x86_64/lib/libnio.so
7f1e5182b000-7f1e5182f000 r--p 00010000 00:20 191868                     /home/ethanlepareur/.vscode/extensions/redhat.java-1.30.0-linux-x64/jre/17.0.10-linux-x86_64/lib/libnio.so
7f1e5182f000-7f1e51830000 ---p 00014000 00:20 191868                     /home/ethanlepareur/.vscode/extensions/redhat.java-1.30.0-linux-x64/jre/17.0.10-linux-x86_64/lib/libnio.so
7f1e51830000-7f1e51831000 r--p 00014000 00:20 191868                     /home/ethanlepareur/.vscode/extensions/redhat.java-1.30.0-linux-x64/jre/17.0.10-linux-x86_64/lib/libnio.so
7f1e51831000-7f1e51832000 rw-p 00015000 00:20 191868                     /home/ethanlepareur/.vscode/extensions/redhat.java-1.30.0-linux-x64/jre/17.0.10-linux-x86_64/lib/libnio.so
7f1e51832000-7f1e51834000 r--p 00000000 00:20 191875                     /home/ethanlepareur/.vscode/extensions/redhat.java-1.30.0-linux-x64/jre/17.0.10-linux-x86_64/lib/libzip.so
7f1e51834000-7f1e51846000 r-xp 00002000 00:20 191875                     /home/ethanlepareur/.vscode/extensions/redhat.java-1.30.0-linux-x64/jre/17.0.10-linux-x86_64/lib/libzip.so
7f1e51846000-7f1e5184e000 r--p 00014000 00:20 191875                     /home/ethanlepareur/.vscode/extensions/redhat.java-1.30.0-linux-x64/jre/17.0.10-linux-x86_64/lib/libzip.so
7f1e5184e000-7f1e5184f000 r--p 0001b000 00:20 191875                     /home/ethanlepareur/.vscode/extensions/redhat.java-1.30.0-linux-x64/jre/17.0.10-linux-x86_64/lib/libzip.so
7f1e5184f000-7f1e51850000 rw-p 0001c000 00:20 191875                     /home/ethanlepareur/.vscode/extensions/redhat.java-1.30.0-linux-x64/jre/17.0.10-linux-x86_64/lib/libzip.so
7f1e51850000-7f1e51905000 rw-p 00000000 00:00 0 
7f1e51905000-7f1e519eb000 ---p 00000000 00:00 0 
7f1e519eb000-7f1e519f6000 rw-p 00000000 00:00 0 
7f1e519f6000-7f1e51ad6000 ---p 00000000 00:00 0 
7f1e51ad6000-7f1e51ae4000 r--p 00000000 00:20 191854                     /home/ethanlepareur/.vscode/extensions/redhat.java-1.30.0-linux-x64/jre/17.0.10-linux-x86_64/lib/libjava.so
7f1e51ae4000-7f1e51af6000 r-xp 0000e000 00:20 191854                     /home/ethanlepareur/.vscode/extensions/redhat.java-1.30.0-linux-x64/jre/17.0.10-linux-x86_64/lib/libjava.so
7f1e51af6000-7f1e51afc000 r--p 00020000 00:20 191854                     /home/ethanlepareur/.vscode/extensions/redhat.java-1.30.0-linux-x64/jre/17.0.10-linux-x86_64/lib/libjava.so
7f1e51afc000-7f1e51afd000 ---p 00026000 00:20 191854                     /home/ethanlepareur/.vscode/extensions/redhat.java-1.30.0-linux-x64/jre/17.0.10-linux-x86_64/lib/libjava.so
7f1e51afd000-7f1e51afe000 r--p 00026000 00:20 191854                     /home/ethanlepareur/.vscode/extensions/redhat.java-1.30.0-linux-x64/jre/17.0.10-linux-x86_64/lib/libjava.so
7f1e51afe000-7f1e51aff000 rw-p 00027000 00:20 191854                     /home/ethanlepareur/.vscode/extensions/redhat.java-1.30.0-linux-x64/jre/17.0.10-linux-x86_64/lib/libjava.so
7f1e51aff000-7f1e51b00000 rw-p 00000000 00:00 0 
7f1e51b00000-7f1e51b04000 ---p 00000000 00:00 0 
7f1e51b04000-7f1e51c00000 rw-p 00000000 00:00 0 
7f1e51c00000-7f1e51e53000 r--p 00000000 00:20 191888                     /home/ethanlepareur/.vscode/extensions/redhat.java-1.30.0-linux-x64/jre/17.0.10-linux-x86_64/lib/server/libjvm.so
7f1e51e53000-7f1e52b72000 r-xp 00253000 00:20 191888                     /home/ethanlepareur/.vscode/extensions/redhat.java-1.30.0-linux-x64/jre/17.0.10-linux-x86_64/lib/server/libjvm.so
7f1e52b72000-7f1e52dfe000 r--p 00f72000 00:20 191888                     /home/ethanlepareur/.vscode/extensions/redhat.java-1.30.0-linux-x64/jre/17.0.10-linux-x86_64/lib/server/libjvm.so
7f1e52dfe000-7f1e52dff000 ---p 011fe000 00:20 191888                     /home/ethanlepareur/.vscode/extensions/redhat.java-1.30.0-linux-x64/jre/17.0.10-linux-x86_64/lib/server/libjvm.so
7f1e52dff000-7f1e52eb8000 r--p 011fe000 00:20 191888                     /home/ethanlepareur/.vscode/extensions/redhat.java-1.30.0-linux-x64/jre/17.0.10-linux-x86_64/lib/server/libjvm.so
7f1e52eb8000-7f1e52eed000 rw-p 012b7000 00:20 191888                     /home/ethanlepareur/.vscode/extensions/redhat.java-1.30.0-linux-x64/jre/17.0.10-linux-x86_64/lib/server/libjvm.so
7f1e52eed000-7f1e52f47000 rw-p 00000000 00:00 0 
7f1e52f4f000-7f1e52f56000 r--s 00000000 00:20 759813                     /usr/lib64/gconv/gconv-modules.cache
7f1e52f56000-7f1e52f5b000 rw-p 00000000 00:00 0 
7f1e52f5b000-7f1e52f62000 ---p 00000000 00:00 0 
7f1e52f62000-7f1e52f6a000 rw-s 00000000 00:29 1400                       /tmp/hsperfdata_ethanlepareur/31929
7f1e52f6a000-7f1e52f6e000 r--p 00000000 00:20 191858                     /home/ethanlepareur/.vscode/extensions/redhat.java-1.30.0-linux-x64/jre/17.0.10-linux-x86_64/lib/libjimage.so
7f1e52f6e000-7f1e52f81000 r-xp 00004000 00:20 191858                     /home/ethanlepareur/.vscode/extensions/redhat.java-1.30.0-linux-x64/jre/17.0.10-linux-x86_64/lib/libjimage.so
7f1e52f81000-7f1e52f87000 r--p 00017000 00:20 191858                     /home/ethanlepareur/.vscode/extensions/redhat.java-1.30.0-linux-x64/jre/17.0.10-linux-x86_64/lib/libjimage.so
7f1e52f87000-7f1e52f89000 r--p 0001c000 00:20 191858                     /home/ethanlepareur/.vscode/extensions/redhat.java-1.30.0-linux-x64/jre/17.0.10-linux-x86_64/lib/libjimage.so
7f1e52f89000-7f1e52f8a000 rw-p 0001e000 00:20 191858                     /home/ethanlepareur/.vscode/extensions/redhat.java-1.30.0-linux-x64/jre/17.0.10-linux-x86_64/lib/libjimage.so
7f1e52f8a000-7f1e52f9a000 r--p 00000000 00:20 589798                     /usr/lib64/libm.so.6
7f1e52f9a000-7f1e53011000 r-xp 00010000 00:20 589798                     /usr/lib64/libm.so.6
7f1e53011000-7f1e5306b000 r--p 00087000 00:20 589798                     /usr/lib64/libm.so.6
7f1e5306b000-7f1e5306c000 r--p 000e0000 00:20 589798                     /usr/lib64/libm.so.6
7f1e5306c000-7f1e5306d000 rw-p 000e1000 00:20 589798                     /usr/lib64/libm.so.6
7f1e5306d000-7f1e5306e000 r--p 00000000 00:20 589805                     /usr/lib64/librt.so.1
7f1e5306e000-7f1e5306f000 r-xp 00001000 00:20 589805                     /usr/lib64/librt.so.1
7f1e5306f000-7f1e53070000 r--p 00002000 00:20 589805                     /usr/lib64/librt.so.1
7f1e53070000-7f1e53071000 r--p 00002000 00:20 589805                     /usr/lib64/librt.so.1
7f1e53071000-7f1e53074000 rw-p 00000000 00:00 0 
7f1e53074000-7f1e5309c000 r--p 00000000 00:20 589796                     /usr/lib64/libc.so.6
7f1e5309c000-7f1e53205000 r-xp 00028000 00:20 589796                     /usr/lib64/libc.so.6
7f1e53205000-7f1e53253000 r--p 00191000 00:20 589796                     /usr/lib64/libc.so.6
7f1e53253000-7f1e53257000 r--p 001de000 00:20 589796                     /usr/lib64/libc.so.6
7f1e53257000-7f1e53259000 rw-p 001e2000 00:20 589796                     /usr/lib64/libc.so.6
7f1e53259000-7f1e53261000 rw-p 00000000 00:00 0 
7f1e53261000-7f1e53262000 r--p 00000000 00:20 589797                     /usr/lib64/libdl.so.2
7f1e53262000-7f1e53263000 r-xp 00001000 00:20 589797                     /usr/lib64/libdl.so.2
7f1e53263000-7f1e53264000 r--p 00002000 00:20 589797                     /usr/lib64/libdl.so.2
7f1e53264000-7f1e53265000 r--p 00002000 00:20 589797                     /usr/lib64/libdl.so.2
7f1e53265000-7f1e53266000 rw-p 00000000 00:00 0 
7f1e53266000-7f1e53267000 r--p 00000000 00:20 589803                     /usr/lib64/libpthread.so.0
7f1e53267000-7f1e53268000 r-xp 00001000 00:20 589803                     /usr/lib64/libpthread.so.0
7f1e53268000-7f1e53269000 r--p 00002000 00:20 589803                     /usr/lib64/libpthread.so.0
7f1e53269000-7f1e5326a000 r--p 00002000 00:20 589803                     /usr/lib64/libpthread.so.0
7f1e5326a000-7f1e5326b000 rw-p 00000000 00:00 0 
7f1e53270000-7f1e53272000 r--p 00000000 00:20 191849                     /home/ethanlepareur/.vscode/extensions/redhat.java-1.30.0-linux-x64/jre/17.0.10-linux-x86_64/lib/libinstrument.so
7f1e53272000-7f1e53278000 r-xp 00002000 00:20 191849                     /home/ethanlepareur/.vscode/extensions/redhat.java-1.30.0-linux-x64/jre/17.0.10-linux-x86_64/lib/libinstrument.so
7f1e53278000-7f1e5327b000 r--p 00008000 00:20 191849                     /home/ethanlepareur/.vscode/extensions/redhat.java-1.30.0-linux-x64/jre/17.0.10-linux-x86_64/lib/libinstrument.so
7f1e5327b000-7f1e5327c000 r--p 0000a000 00:20 191849                     /home/ethanlepareur/.vscode/extensions/redhat.java-1.30.0-linux-x64/jre/17.0.10-linux-x86_64/lib/libinstrument.so
7f1e5327c000-7f1e5327d000 rw-p 0000b000 00:20 191849                     /home/ethanlepareur/.vscode/extensions/redhat.java-1.30.0-linux-x64/jre/17.0.10-linux-x86_64/lib/libinstrument.so
7f1e5327d000-7f1e5327e000 ---p 00000000 00:00 0 
7f1e5327e000-7f1e5327f000 r--p 00000000 00:00 0 
7f1e5327f000-7f1e53280000 ---p 00000000 00:00 0 
7f1e53280000-7f1e53283000 r--p 00000000 00:20 191859                     /home/ethanlepareur/.vscode/extensions/redhat.java-1.30.0-linux-x64/jre/17.0.10-linux-x86_64/lib/libjli.so
7f1e53283000-7f1e53293000 r-xp 00003000 00:20 191859                     /home/ethanlepareur/.vscode/extensions/redhat.java-1.30.0-linux-x64/jre/17.0.10-linux-x86_64/lib/libjli.so
7f1e53293000-7f1e5329a000 r--p 00013000 00:20 191859                     /home/ethanlepareur/.vscode/extensions/redhat.java-1.30.0-linux-x64/jre/17.0.10-linux-x86_64/lib/libjli.so
7f1e5329a000-7f1e5329b000 r--p 00019000 00:20 191859                     /home/ethanlepareur/.vscode/extensions/redhat.java-1.30.0-linux-x64/jre/17.0.10-linux-x86_64/lib/libjli.so
7f1e5329b000-7f1e5329c000 rw-p 0001a000 00:20 191859                     /home/ethanlepareur/.vscode/extensions/redhat.java-1.30.0-linux-x64/jre/17.0.10-linux-x86_64/lib/libjli.so
7f1e5329c000-7f1e5329e000 rw-p 00000000 00:00 0 
7f1e5329e000-7f1e5329f000 r--p 00000000 00:20 589793                     /usr/lib64/ld-linux-x86-64.so.2
7f1e5329f000-7f1e532c6000 r-xp 00001000 00:20 589793                     /usr/lib64/ld-linux-x86-64.so.2
7f1e532c6000-7f1e532d0000 r--p 00028000 00:20 589793                     /usr/lib64/ld-linux-x86-64.so.2
7f1e532d0000-7f1e532d2000 r--p 00032000 00:20 589793                     /usr/lib64/ld-linux-x86-64.so.2
7f1e532d2000-7f1e532d4000 rw-p 00034000 00:20 589793                     /usr/lib64/ld-linux-x86-64.so.2
7ffe9c912000-7ffe9c933000 rw-p 00000000 00:00 0                          [stack]
7ffe9c96c000-7ffe9c970000 r--p 00000000 00:00 0                          [vvar]
7ffe9c970000-7ffe9c972000 r-xp 00000000 00:00 0                          [vdso]
ffffffffff600000-ffffffffff601000 --xp 00000000 00:00 0                  [vsyscall]


VM Arguments:
jvm_args: --add-modules=ALL-SYSTEM --add-opens=java.base/java.util=ALL-UNNAMED --add-opens=java.base/java.lang=ALL-UNNAMED --add-opens=java.base/sun.nio.fs=ALL-UNNAMED -Declipse.application=org.eclipse.jdt.ls.core.id1 -Dosgi.bundles.defaultStartLevel=4 -Declipse.product=org.eclipse.jdt.ls.core.product -Djava.import.generatesMetadataFilesAtProjectRoot=false -DDetectVMInstallationsJob.disabled=true -Dfile.encoding=utf8 -XX:+UseParallelGC -XX:GCTimeRatio=4 -XX:AdaptiveSizePolicyWeight=90 -Dsun.zip.disableMemoryMapping=true -Xmx1G -Xms100m -Xlog:disable -javaagent:/home/ethanlepareur/.vscode/extensions/redhat.java-1.30.0-linux-x64/lombok/lombok-1.18.32.jar 
java_command: /home/ethanlepareur/.vscode/extensions/redhat.java-1.30.0-linux-x64/server/plugins/org.eclipse.equinox.launcher_1.6.800.v20240330-1250.jar -configuration /home/ethanlepareur/.config/Code/User/globalStorage/redhat.java/1.30.0/config_ss_linux -data /home/ethanlepareur/.config/Code/User/workspaceStorage/1769a08123a3056ced2da8f2080c84c2/redhat.java/ss_ws --pipe=/run/user/1000/lsp-de64c6fa13341a1c31527b0ebb8bb93e.sock
java_class_path (initial): /home/ethanlepareur/.vscode/extensions/redhat.java-1.30.0-linux-x64/server/plugins/org.eclipse.equinox.launcher_1.6.800.v20240330-1250.jar
Launcher Type: SUN_STANDARD

[Global flags]
    uintx AdaptiveSizePolicyWeight                 = 90                                        {product} {command line}
     intx CICompilerCount                          = 4                                         {product} {ergonomic}
    uintx GCTimeRatio                              = 4                                         {product} {command line}
   size_t InitialHeapSize                          = 104857600                                 {product} {command line}
   size_t MaxHeapSize                              = 1073741824                                {product} {command line}
   size_t MaxNewSize                               = 357564416                                 {product} {ergonomic}
   size_t MinHeapDeltaBytes                        = 524288                                    {product} {ergonomic}
   size_t MinHeapSize                              = 104857600                                 {product} {command line}
   size_t NewSize                                  = 34603008                                  {product} {ergonomic}
    uintx NonNMethodCodeHeapSize                   = 5839372                                {pd product} {ergonomic}
    uintx NonProfiledCodeHeapSize                  = 122909434                              {pd product} {ergonomic}
   size_t OldSize                                  = 70254592                                  {product} {ergonomic}
    uintx ProfiledCodeHeapSize                     = 122909434                              {pd product} {ergonomic}
    uintx ReservedCodeCacheSize                    = 251658240                              {pd product} {ergonomic}
     bool SegmentedCodeCache                       = true                                      {product} {ergonomic}
   size_t SoftMaxHeapSize                          = 1073741824                             {manageable} {ergonomic}
     bool UseCompressedClassPointers               = true                           {product lp64_product} {ergonomic}
     bool UseCompressedOops                        = true                           {product lp64_product} {ergonomic}
     bool UseParallelGC                            = true                                      {product} {command line}

Logging:
Log output configuration:
 #0: stdout all=off uptime,level,tags
 #1: stderr all=off uptime,level,tags

Environment Variables:
PATH=/home/ethanlepareur/.local/bin:/home/ethanlepareur/bin:/usr/local/bin:/usr/local/sbin:/usr/bin:/usr/sbin
USERNAME=ethanlepareur
SHELL=/bin/bash
DISPLAY=:0
LANG=fr_FR.UTF-8

Active Locale:
LC_ALL=fr_FR.UTF-8
LC_COLLATE=fr_FR.UTF-8
LC_CTYPE=fr_FR.UTF-8
LC_MESSAGES=fr_FR.UTF-8
LC_MONETARY=fr_FR.UTF-8
LC_NUMERIC=fr_FR.UTF-8
LC_TIME=fr_FR.UTF-8

Signal Handlers:
   SIGSEGV: crash_handler in libjvm.so, mask=11100100010111111101111111111110, flags=SA_RESTART|SA_SIGINFO, unblocked
    SIGBUS: crash_handler in libjvm.so, mask=11100100010111111101111111111110, flags=SA_RESTART|SA_SIGINFO, unblocked
    SIGFPE: crash_handler in libjvm.so, mask=11100100010111111101111111111110, flags=SA_RESTART|SA_SIGINFO, unblocked
   SIGPIPE: javaSignalHandler in libjvm.so, mask=11100100010111111101111111111110, flags=SA_RESTART|SA_SIGINFO, blocked
   SIGXFSZ: javaSignalHandler in libjvm.so, mask=11100100010111111101111111111110, flags=SA_RESTART|SA_SIGINFO, blocked
    SIGILL: crash_handler in libjvm.so, mask=11100100010111111101111111111110, flags=SA_RESTART|SA_SIGINFO, unblocked
   SIGUSR2: SR_handler in libjvm.so, mask=00000000000000000000000000000000, flags=SA_RESTART|SA_SIGINFO, blocked
    SIGHUP: UserHandler in libjvm.so, mask=11100100010111111101111111111110, flags=SA_RESTART|SA_SIGINFO, blocked
    SIGINT: UserHandler in libjvm.so, mask=11100100010111111101111111111110, flags=SA_RESTART|SA_SIGINFO, blocked
   SIGTERM: UserHandler in libjvm.so, mask=11100100010111111101111111111110, flags=SA_RESTART|SA_SIGINFO, blocked
   SIGQUIT: UserHandler in libjvm.so, mask=11100100010111111101111111111110, flags=SA_RESTART|SA_SIGINFO, blocked
   SIGTRAP: crash_handler in libjvm.so, mask=11100100010111111101111111111110, flags=SA_RESTART|SA_SIGINFO, unblocked


Periodic native trim disabled


---------------  S Y S T E M  ---------------

OS:
Fedora release 40 (Forty)
uname: Linux 6.8.9-300.fc40.x86_64 #1 SMP PREEMPT_DYNAMIC Thu May  2 18:59:06 UTC 2024 x86_64
OS uptime: 0 days 1:21 hours
libc: glibc 2.39 NPTL 2.39 
rlimit (soft/hard): STACK 8192k/infinity , CORE infinity/infinity , NPROC 27216/27216 , NOFILE 524288/524288 , AS infinity/infinity , CPU infinity/infinity , DATA infinity/infinity , FSIZE infinity/infinity , MEMLOCK 8192k/8192k
load average: 5,66 2,35 1,41

/proc/meminfo:
MemTotal:        7022744 kB
MemFree:          822820 kB
MemAvailable:    4138856 kB
Buffers:            1260 kB
Cached:          3506524 kB
SwapCached:            0 kB
Active:          3238592 kB
Inactive:        2157116 kB
Active(anon):    1911792 kB
Inactive(anon):     3988 kB
Active(file):    1326800 kB
Inactive(file):  2153128 kB
Unevictable:        5328 kB
Mlocked:            5328 kB
SwapTotal:       7022588 kB
SwapFree:        7022076 kB
Zswap:                 0 kB
Zswapped:              0 kB
Dirty:               720 kB
Writeback:             0 kB
AnonPages:       1893396 kB
Mapped:           574468 kB
Shmem:             22988 kB
KReclaimable:     136268 kB
Slab:             346176 kB
SReclaimable:     136268 kB
SUnreclaim:       209908 kB
KernelStack:       16640 kB
PageTables:        35752 kB
SecPageTables:         0 kB
NFS_Unstable:          0 kB
Bounce:                0 kB
WritebackTmp:          0 kB
CommitLimit:    10533960 kB
Committed_AS:    8252476 kB
VmallocTotal:   34359738367 kB
VmallocUsed:       92548 kB
VmallocChunk:          0 kB
Percpu:            15360 kB
HardwareCorrupted:     0 kB
AnonHugePages:         0 kB
ShmemHugePages:        0 kB
ShmemPmdMapped:        0 kB
FileHugePages:         0 kB
FilePmdMapped:         0 kB
CmaTotal:              0 kB
CmaFree:               0 kB
Unaccepted:            0 kB
HugePages_Total:       0
HugePages_Free:        0
HugePages_Rsvd:        0
HugePages_Surp:        0
Hugepagesize:       2048 kB
Hugetlb:               0 kB
DirectMap4k:      460820 kB
DirectMap2M:     6813696 kB
DirectMap1G:     1048576 kB

/sys/kernel/mm/transparent_hugepage/enabled: always [madvise] never
/sys/kernel/mm/transparent_hugepage/defrag (defrag/compaction efforts parameter): always defer defer+madvise [madvise] never

Process Memory:
Virtual Size: 5038552K (peak: 5038552K)
Resident Set Size: 167016K (peak: 167016K) (anon: 137448K, file: 29568K, shmem: 0K)
Swapped out: 0K
C-Heap outstanding allocations: 62157K, retained: 23894K
glibc malloc tunables: (default)

/proc/sys/kernel/threads-max (system-wide limit on the number of threads): 54432
/proc/sys/vm/max_map_count (maximum number of memory map areas a process may have): 1048576
/proc/sys/kernel/pid_max (system-wide limit on number of process identifiers): 4194304

container (cgroup) information:
container_type: cgroupv2
cpu_cpuset_cpus: not supported
cpu_memory_nodes: not supported
active_processor_count: 8
cpu_quota: no quota
cpu_period: 100000
cpu_shares: 8192
memory_limit_in_bytes: unlimited
memory_and_swap_limit_in_bytes: unlimited
memory_soft_limit_in_bytes: unlimited
memory_usage_in_bytes: 975420 k
memory_max_usage_in_bytes: not supported
memory_swap_current_in_bytes: unlimited
memory_swap_max_limit_in_bytes: unlimited
maximum number of tasks: 8164
current number of tasks: 232

Steal ticks since vm start: 0
Steal ticks percentage since vm start:  0,000

CPU: total 16 (initial active 8) (8 cores per cpu, 2 threads per core) family 23 model 24 stepping 1 microcode 0x8108109, cx8, cmov, fxsr, ht, mmx, 3dnowpref, sse, sse2, sse3, ssse3, sse4a, sse4.1, sse4.2, popcnt, lzcnt, tsc, tscinvbit, avx, avx2, aes, clmul, bmi1, bmi2, adx, sha, fma, vzeroupper, clflush, clflushopt
CPU Model and flags from /proc/cpuinfo:
model name	: AMD Ryzen 5 3500U with Radeon Vega Mobile Gfx
flags		: fpu vme de pse tsc msr pae mce cx8 apic sep mtrr pge mca cmov pat pse36 clflush mmx fxsr sse sse2 ht syscall nx mmxext fxsr_opt pdpe1gb rdtscp lm constant_tsc rep_good nopl nonstop_tsc cpuid extd_apicid aperfmperf rapl pni pclmulqdq monitor ssse3 fma cx16 sse4_1 sse4_2 movbe popcnt aes xsave avx f16c rdrand lahf_lm cmp_legacy svm extapic cr8_legacy abm sse4a misalignsse 3dnowprefetch osvw skinit wdt tce topoext perfctr_core perfctr_nb bpext perfctr_llc mwaitx cpb hw_pstate ssbd ibpb vmmcall fsgsbase bmi1 avx2 smep bmi2 rdseed adx smap clflushopt sha_ni xsaveopt xsavec xgetbv1 clzero irperf xsaveerptr arat npt lbrv svm_lock nrip_save tsc_scale vmcb_clean flushbyasid decodeassists pausefilter pfthreshold avic v_vmsave_vmload vgif overflow_recov succor smca sev sev_es

Online cpus: 0-7
Offline cpus: 8-15
BIOS frequency limitation: 2100000
Frequency switch latency (ns): 0
Available cpu frequencies: 2100000 1700000 1400000 
Current governor: schedutil
Core performance/turbo boost: 1

Memory: 4k page, physical 7022744k(822820k free), swap 7022588k(7022076k free)
Page Sizes: 4k

vm_info: OpenJDK 64-Bit Server VM (17.0.10+7) for linux-amd64 JRE (17.0.10+7), built on Jan 16 2024 00:00:00 by "admin" with gcc 10.3.0

END.
